2024-07-01 00:28:47.583  INFO 15312 --- [restartedMain] r.a.u.f.s.SvtVezbe07Application          : Starting SvtVezbe07Application using Java 19.0.2 on DESKTOP-37TV6SH with PID 15312 (C:\Users\Simikic\Desktop\SocialNetworkWithElasticSearch\v7-backend\target\classes started by Simikic in C:\Users\Simikic\Desktop\SocialNetworkWithElasticSearch\v7-backend)
2024-07-01 00:28:47.593  INFO 15312 --- [restartedMain] r.a.u.f.s.SvtVezbe07Application          : No active profile set, falling back to 1 default profile: "default"
2024-07-01 00:28:47.689  INFO 15312 --- [restartedMain] .e.DevToolsPropertyDefaultsPostProcessor : Devtools property defaults active! Set 'spring.devtools.add-properties' to 'false' to disable
2024-07-01 00:28:47.690  INFO 15312 --- [restartedMain] .e.DevToolsPropertyDefaultsPostProcessor : For additional web related logging consider setting the 'logging.level.web' property to 'DEBUG'
2024-07-01 00:28:49.795  INFO 15312 --- [restartedMain] .s.d.r.c.RepositoryConfigurationDelegate : Multiple Spring Data modules found, entering strict repository configuration mode
2024-07-01 00:28:49.797  INFO 15312 --- [restartedMain] .s.d.r.c.RepositoryConfigurationDelegate : Bootstrapping Spring Data Elasticsearch repositories in DEFAULT mode.
2024-07-01 00:28:49.869  INFO 15312 --- [restartedMain] .s.d.r.c.RepositoryConfigurationDelegate : Finished Spring Data repository scanning in 64 ms. Found 1 Elasticsearch repository interfaces.
2024-07-01 00:28:50.174  INFO 15312 --- [restartedMain] .s.d.r.c.RepositoryConfigurationDelegate : Multiple Spring Data modules found, entering strict repository configuration mode
2024-07-01 00:28:50.175  INFO 15312 --- [restartedMain] .s.d.r.c.RepositoryConfigurationDelegate : Bootstrapping Spring Data Reactive Elasticsearch repositories in DEFAULT mode.
2024-07-01 00:28:50.209  INFO 15312 --- [restartedMain] .RepositoryConfigurationExtensionSupport : Spring Data Reactive Elasticsearch - Could not safely identify store assignment for repository candidate interface rs.ac.uns.ftn.svtvezbe07.repository.DummyRepository; If you want this repository to be a Reactive Elasticsearch repository, consider annotating your entities with one of these annotations: org.springframework.data.elasticsearch.annotations.Document (preferred), or consider extending one of the following types with your repository: org.springframework.data.elasticsearch.repository.ReactiveElasticsearchRepository
2024-07-01 00:28:50.212  INFO 15312 --- [restartedMain] .RepositoryConfigurationExtensionSupport : Spring Data Reactive Elasticsearch - Could not safely identify store assignment for repository candidate interface rs.ac.uns.ftn.svtvezbe07.repository.GroupRepository; If you want this repository to be a Reactive Elasticsearch repository, consider annotating your entities with one of these annotations: org.springframework.data.elasticsearch.annotations.Document (preferred), or consider extending one of the following types with your repository: org.springframework.data.elasticsearch.repository.ReactiveElasticsearchRepository
2024-07-01 00:28:50.216  INFO 15312 --- [restartedMain] .RepositoryConfigurationExtensionSupport : Spring Data Reactive Elasticsearch - Could not safely identify store assignment for repository candidate interface rs.ac.uns.ftn.svtvezbe07.repository.PostRepository; If you want this repository to be a Reactive Elasticsearch repository, consider annotating your entities with one of these annotations: org.springframework.data.elasticsearch.annotations.Document (preferred), or consider extending one of the following types with your repository: org.springframework.data.elasticsearch.repository.ReactiveElasticsearchRepository
2024-07-01 00:28:50.219  INFO 15312 --- [restartedMain] .RepositoryConfigurationExtensionSupport : Spring Data Reactive Elasticsearch - Could not safely identify store assignment for repository candidate interface rs.ac.uns.ftn.svtvezbe07.repository.ReactionCommentsRepository; If you want this repository to be a Reactive Elasticsearch repository, consider annotating your entities with one of these annotations: org.springframework.data.elasticsearch.annotations.Document (preferred), or consider extending one of the following types with your repository: org.springframework.data.elasticsearch.repository.ReactiveElasticsearchRepository
2024-07-01 00:28:50.223  INFO 15312 --- [restartedMain] .RepositoryConfigurationExtensionSupport : Spring Data Reactive Elasticsearch - Could not safely identify store assignment for repository candidate interface rs.ac.uns.ftn.svtvezbe07.repository.UserRepository; If you want this repository to be a Reactive Elasticsearch repository, consider annotating your entities with one of these annotations: org.springframework.data.elasticsearch.annotations.Document (preferred), or consider extending one of the following types with your repository: org.springframework.data.elasticsearch.repository.ReactiveElasticsearchRepository
2024-07-01 00:28:50.224  INFO 15312 --- [restartedMain] .s.d.r.c.RepositoryConfigurationDelegate : Finished Spring Data repository scanning in 47 ms. Found 0 Reactive Elasticsearch repository interfaces.
2024-07-01 00:28:50.238  INFO 15312 --- [restartedMain] .s.d.r.c.RepositoryConfigurationDelegate : Multiple Spring Data modules found, entering strict repository configuration mode
2024-07-01 00:28:50.240  INFO 15312 --- [restartedMain] .s.d.r.c.RepositoryConfigurationDelegate : Bootstrapping Spring Data JPA repositories in DEFAULT mode.
2024-07-01 00:28:50.263  INFO 15312 --- [restartedMain] .RepositoryConfigurationExtensionSupport : Spring Data JPA - Could not safely identify store assignment for repository candidate interface rs.ac.uns.ftn.svtvezbe07.indexrepository.DummyIndexRepository; If you want this repository to be a JPA repository, consider annotating your entities with one of these annotations: javax.persistence.Entity, javax.persistence.MappedSuperclass (preferred), or consider extending one of the following types with your repository: org.springframework.data.jpa.repository.JpaRepository
2024-07-01 00:28:50.300  INFO 15312 --- [restartedMain] .s.d.r.c.RepositoryConfigurationDelegate : Finished Spring Data repository scanning in 54 ms. Found 5 JPA repository interfaces.
2024-07-01 00:28:51.690  INFO 15312 --- [restartedMain] o.s.b.w.embedded.tomcat.TomcatWebServer  : Tomcat initialized with port(s): 8080 (http)
2024-07-01 00:28:51.707  INFO 15312 --- [restartedMain] o.apache.catalina.core.StandardService   : Starting service [Tomcat]
2024-07-01 00:28:51.708  INFO 15312 --- [restartedMain] org.apache.catalina.core.StandardEngine  : Starting Servlet engine: [Apache Tomcat/9.0.71]
2024-07-01 00:28:51.962  INFO 15312 --- [restartedMain] o.a.c.c.C.[Tomcat].[localhost].[/]       : Initializing Spring embedded WebApplicationContext
2024-07-01 00:28:51.962  INFO 15312 --- [restartedMain] w.s.c.ServletWebServerApplicationContext : Root WebApplicationContext: initialization completed in 4271 ms
2024-07-01 00:28:52.392  INFO 15312 --- [restartedMain] o.hibernate.jpa.internal.util.LogHelper  : HHH000204: Processing PersistenceUnitInfo [name: default]
2024-07-01 00:28:52.483  INFO 15312 --- [restartedMain] org.hibernate.Version                    : HHH000412: Hibernate ORM core version 5.6.15.Final
2024-07-01 00:28:52.739  INFO 15312 --- [restartedMain] o.hibernate.annotations.common.Version   : HCANN000001: Hibernate Commons Annotations {5.1.2.Final}
2024-07-01 00:28:52.913  INFO 15312 --- [restartedMain] com.zaxxer.hikari.HikariDataSource       : HikariPool-1 - Starting...
2024-07-01 00:28:53.230  INFO 15312 --- [restartedMain] com.zaxxer.hikari.HikariDataSource       : HikariPool-1 - Start completed.
2024-07-01 00:28:53.262  INFO 15312 --- [restartedMain] org.hibernate.dialect.Dialect            : HHH000400: Using dialect: org.hibernate.dialect.MySQL8Dialect
2024-07-01 00:28:54.904 DEBUG 15312 --- [restartedMain] org.hibernate.SQL                        : create table images (path varchar(255) not null auto_increment, primary key (path)) engine=InnoDB
2024-07-01 00:28:54.951  WARN 15312 --- [restartedMain] o.h.t.s.i.ExceptionHandlerLoggedImpl     : GenerationTarget encountered exception accepting command : Error executing DDL "create table images (path varchar(255) not null auto_increment, primary key (path)) engine=InnoDB" via JDBC Statement

org.hibernate.tool.schema.spi.CommandAcceptanceException: Error executing DDL "create table images (path varchar(255) not null auto_increment, primary key (path)) engine=InnoDB" via JDBC Statement
	at org.hibernate.tool.schema.internal.exec.GenerationTargetToDatabase.accept(GenerationTargetToDatabase.java:67) ~[hibernate-core-5.6.15.Final.jar:5.6.15.Final]
	at org.hibernate.tool.schema.internal.AbstractSchemaMigrator.applySqlString(AbstractSchemaMigrator.java:581) ~[hibernate-core-5.6.15.Final.jar:5.6.15.Final]
	at org.hibernate.tool.schema.internal.AbstractSchemaMigrator.applySqlStrings(AbstractSchemaMigrator.java:526) ~[hibernate-core-5.6.15.Final.jar:5.6.15.Final]
	at org.hibernate.tool.schema.internal.AbstractSchemaMigrator.createTable(AbstractSchemaMigrator.java:293) ~[hibernate-core-5.6.15.Final.jar:5.6.15.Final]
	at org.hibernate.tool.schema.internal.GroupedSchemaMigratorImpl.performTablesMigration(GroupedSchemaMigratorImpl.java:74) ~[hibernate-core-5.6.15.Final.jar:5.6.15.Final]
	at org.hibernate.tool.schema.internal.AbstractSchemaMigrator.performMigration(AbstractSchemaMigrator.java:220) ~[hibernate-core-5.6.15.Final.jar:5.6.15.Final]
	at org.hibernate.tool.schema.internal.AbstractSchemaMigrator.doMigration(AbstractSchemaMigrator.java:123) ~[hibernate-core-5.6.15.Final.jar:5.6.15.Final]
	at org.hibernate.tool.schema.spi.SchemaManagementToolCoordinator.performDatabaseAction(SchemaManagementToolCoordinator.java:196) ~[hibernate-core-5.6.15.Final.jar:5.6.15.Final]
	at org.hibernate.tool.schema.spi.SchemaManagementToolCoordinator.process(SchemaManagementToolCoordinator.java:85) ~[hibernate-core-5.6.15.Final.jar:5.6.15.Final]
	at org.hibernate.internal.SessionFactoryImpl.<init>(SessionFactoryImpl.java:335) ~[hibernate-core-5.6.15.Final.jar:5.6.15.Final]
	at org.hibernate.boot.internal.SessionFactoryBuilderImpl.build(SessionFactoryBuilderImpl.java:471) ~[hibernate-core-5.6.15.Final.jar:5.6.15.Final]
	at org.hibernate.jpa.boot.internal.EntityManagerFactoryBuilderImpl.build(EntityManagerFactoryBuilderImpl.java:1498) ~[hibernate-core-5.6.15.Final.jar:5.6.15.Final]
	at org.springframework.orm.jpa.vendor.SpringHibernateJpaPersistenceProvider.createContainerEntityManagerFactory(SpringHibernateJpaPersistenceProvider.java:58) ~[spring-orm-5.3.25.jar:5.3.25]
	at org.springframework.orm.jpa.LocalContainerEntityManagerFactoryBean.createNativeEntityManagerFactory(LocalContainerEntityManagerFactoryBean.java:365) ~[spring-orm-5.3.25.jar:5.3.25]
	at org.springframework.orm.jpa.AbstractEntityManagerFactoryBean.buildNativeEntityManagerFactory(AbstractEntityManagerFactoryBean.java:409) ~[spring-orm-5.3.25.jar:5.3.25]
	at org.springframework.orm.jpa.AbstractEntityManagerFactoryBean.afterPropertiesSet(AbstractEntityManagerFactoryBean.java:396) ~[spring-orm-5.3.25.jar:5.3.25]
	at org.springframework.orm.jpa.LocalContainerEntityManagerFactoryBean.afterPropertiesSet(LocalContainerEntityManagerFactoryBean.java:341) ~[spring-orm-5.3.25.jar:5.3.25]
	at org.springframework.beans.factory.support.AbstractAutowireCapableBeanFactory.invokeInitMethods(AbstractAutowireCapableBeanFactory.java:1863) ~[spring-beans-5.3.25.jar:5.3.25]
	at org.springframework.beans.factory.support.AbstractAutowireCapableBeanFactory.initializeBean(AbstractAutowireCapableBeanFactory.java:1800) ~[spring-beans-5.3.25.jar:5.3.25]
	at org.springframework.beans.factory.support.AbstractAutowireCapableBeanFactory.doCreateBean(AbstractAutowireCapableBeanFactory.java:620) ~[spring-beans-5.3.25.jar:5.3.25]
	at org.springframework.beans.factory.support.AbstractAutowireCapableBeanFactory.createBean(AbstractAutowireCapableBeanFactory.java:542) ~[spring-beans-5.3.25.jar:5.3.25]
	at org.springframework.beans.factory.support.AbstractBeanFactory.lambda$doGetBean$0(AbstractBeanFactory.java:335) ~[spring-beans-5.3.25.jar:5.3.25]
	at org.springframework.beans.factory.support.DefaultSingletonBeanRegistry.getSingleton(DefaultSingletonBeanRegistry.java:234) ~[spring-beans-5.3.25.jar:5.3.25]
	at org.springframework.beans.factory.support.AbstractBeanFactory.doGetBean(AbstractBeanFactory.java:333) ~[spring-beans-5.3.25.jar:5.3.25]
	at org.springframework.beans.factory.support.AbstractBeanFactory.getBean(AbstractBeanFactory.java:208) ~[spring-beans-5.3.25.jar:5.3.25]
	at org.springframework.context.support.AbstractApplicationContext.getBean(AbstractApplicationContext.java:1154) ~[spring-context-5.3.25.jar:5.3.25]
	at org.springframework.context.support.AbstractApplicationContext.finishBeanFactoryInitialization(AbstractApplicationContext.java:908) ~[spring-context-5.3.25.jar:5.3.25]
	at org.springframework.context.support.AbstractApplicationContext.refresh(AbstractApplicationContext.java:583) ~[spring-context-5.3.25.jar:5.3.25]
	at org.springframework.boot.web.servlet.context.ServletWebServerApplicationContext.refresh(ServletWebServerApplicationContext.java:147) ~[spring-boot-2.7.9.jar:2.7.9]
	at org.springframework.boot.SpringApplication.refresh(SpringApplication.java:731) ~[spring-boot-2.7.9.jar:2.7.9]
	at org.springframework.boot.SpringApplication.refreshContext(SpringApplication.java:408) ~[spring-boot-2.7.9.jar:2.7.9]
	at org.springframework.boot.SpringApplication.run(SpringApplication.java:307) ~[spring-boot-2.7.9.jar:2.7.9]
	at org.springframework.boot.SpringApplication.run(SpringApplication.java:1303) ~[spring-boot-2.7.9.jar:2.7.9]
	at org.springframework.boot.SpringApplication.run(SpringApplication.java:1292) ~[spring-boot-2.7.9.jar:2.7.9]
	at rs.ac.uns.ftn.svtvezbe07.SvtVezbe07Application.main(SvtVezbe07Application.java:10) ~[classes/:na]
	at java.base/jdk.internal.reflect.DirectMethodHandleAccessor.invoke(DirectMethodHandleAccessor.java:104) ~[na:na]
	at java.base/java.lang.reflect.Method.invoke(Method.java:578) ~[na:na]
	at org.springframework.boot.devtools.restart.RestartLauncher.run(RestartLauncher.java:49) ~[spring-boot-devtools-2.7.9.jar:2.7.9]
Caused by: java.sql.SQLSyntaxErrorException: Incorrect column specifier for column 'path'
	at com.mysql.cj.jdbc.exceptions.SQLError.createSQLException(SQLError.java:120) ~[mysql-connector-j-8.0.32.jar:8.0.32]
	at com.mysql.cj.jdbc.exceptions.SQLExceptionsMapping.translateException(SQLExceptionsMapping.java:122) ~[mysql-connector-j-8.0.32.jar:8.0.32]
	at com.mysql.cj.jdbc.StatementImpl.executeInternal(StatementImpl.java:763) ~[mysql-connector-j-8.0.32.jar:8.0.32]
	at com.mysql.cj.jdbc.StatementImpl.execute(StatementImpl.java:648) ~[mysql-connector-j-8.0.32.jar:8.0.32]
	at com.zaxxer.hikari.pool.ProxyStatement.execute(ProxyStatement.java:94) ~[HikariCP-4.0.3.jar:na]
	at com.zaxxer.hikari.pool.HikariProxyStatement.execute(HikariProxyStatement.java) ~[HikariCP-4.0.3.jar:na]
	at org.hibernate.tool.schema.internal.exec.GenerationTargetToDatabase.accept(GenerationTargetToDatabase.java:54) ~[hibernate-core-5.6.15.Final.jar:5.6.15.Final]
	... 37 common frames omitted

2024-07-01 00:28:55.114  INFO 15312 --- [restartedMain] o.h.e.t.j.p.i.JtaPlatformInitiator       : HHH000490: Using JtaPlatform implementation: [org.hibernate.engine.transaction.jta.platform.internal.NoJtaPlatform]
2024-07-01 00:28:55.140  INFO 15312 --- [restartedMain] j.LocalContainerEntityManagerFactoryBean : Initialized JPA EntityManagerFactory for persistence unit 'default'
2024-07-01 00:28:58.666  INFO 15312 --- [restartedMain] o.s.b.d.a.OptionalLiveReloadServer       : LiveReload server is running on port 35729
2024-07-01 00:28:58.762  WARN 15312 --- [restartedMain] ConfigServletWebServerApplicationContext : Exception encountered during context initialization - cancelling refresh attempt: org.springframework.beans.factory.UnsatisfiedDependencyException: Error creating bean with name 'indexController' defined in file [C:\Users\Simikic\Desktop\SocialNetworkWithElasticSearch\v7-backend\target\classes\rs\ac\uns\ftn\svtvezbe07\controller\IndexController.class]: Unsatisfied dependency expressed through constructor parameter 0; nested exception is org.springframework.beans.factory.UnsatisfiedDependencyException: Error creating bean with name 'indexingServiceImpl' defined in file [C:\Users\Simikic\Desktop\SocialNetworkWithElasticSearch\v7-backend\target\classes\rs\ac\uns\ftn\svtvezbe07\service\implementation\IndexingServiceImpl.class]: Unsatisfied dependency expressed through constructor parameter 0; nested exception is org.springframework.beans.factory.BeanCreationException: Error creating bean with name 'dummyIndexRepository' defined in rs.ac.uns.ftn.svtvezbe07.indexrepository.DummyIndexRepository defined in @EnableElasticsearchRepositories declared on ElasticsearchConfiguration: Invocation of init method failed; nested exception is org.springframework.beans.BeanInstantiationException: Failed to instantiate [org.springframework.data.elasticsearch.repository.support.SimpleElasticsearchRepository]: Constructor threw exception; nested exception is org.springframework.dao.DataAccessResourceFailureException: Connection is closed; nested exception is java.lang.RuntimeException: Connection is closed
2024-07-01 00:28:58.767  INFO 15312 --- [restartedMain] j.LocalContainerEntityManagerFactoryBean : Closing JPA EntityManagerFactory for persistence unit 'default'
2024-07-01 00:28:58.772  INFO 15312 --- [restartedMain] com.zaxxer.hikari.HikariDataSource       : HikariPool-1 - Shutdown initiated...
2024-07-01 00:28:58.782  INFO 15312 --- [restartedMain] com.zaxxer.hikari.HikariDataSource       : HikariPool-1 - Shutdown completed.
2024-07-01 00:28:58.786  INFO 15312 --- [restartedMain] o.apache.catalina.core.StandardService   : Stopping service [Tomcat]
2024-07-01 00:28:58.805  INFO 15312 --- [restartedMain] ConditionEvaluationReportLoggingListener : 

Error starting ApplicationContext. To display the conditions report re-run your application with 'debug' enabled.
2024-07-01 00:28:58.845 ERROR 15312 --- [restartedMain] o.s.boot.SpringApplication               : Application run failed

org.springframework.beans.factory.UnsatisfiedDependencyException: Error creating bean with name 'indexController' defined in file [C:\Users\Simikic\Desktop\SocialNetworkWithElasticSearch\v7-backend\target\classes\rs\ac\uns\ftn\svtvezbe07\controller\IndexController.class]: Unsatisfied dependency expressed through constructor parameter 0; nested exception is org.springframework.beans.factory.UnsatisfiedDependencyException: Error creating bean with name 'indexingServiceImpl' defined in file [C:\Users\Simikic\Desktop\SocialNetworkWithElasticSearch\v7-backend\target\classes\rs\ac\uns\ftn\svtvezbe07\service\implementation\IndexingServiceImpl.class]: Unsatisfied dependency expressed through constructor parameter 0; nested exception is org.springframework.beans.factory.BeanCreationException: Error creating bean with name 'dummyIndexRepository' defined in rs.ac.uns.ftn.svtvezbe07.indexrepository.DummyIndexRepository defined in @EnableElasticsearchRepositories declared on ElasticsearchConfiguration: Invocation of init method failed; nested exception is org.springframework.beans.BeanInstantiationException: Failed to instantiate [org.springframework.data.elasticsearch.repository.support.SimpleElasticsearchRepository]: Constructor threw exception; nested exception is org.springframework.dao.DataAccessResourceFailureException: Connection is closed; nested exception is java.lang.RuntimeException: Connection is closed
	at org.springframework.beans.factory.support.ConstructorResolver.createArgumentArray(ConstructorResolver.java:800) ~[spring-beans-5.3.25.jar:5.3.25]
	at org.springframework.beans.factory.support.ConstructorResolver.autowireConstructor(ConstructorResolver.java:229) ~[spring-beans-5.3.25.jar:5.3.25]
	at org.springframework.beans.factory.support.AbstractAutowireCapableBeanFactory.autowireConstructor(AbstractAutowireCapableBeanFactory.java:1372) ~[spring-beans-5.3.25.jar:5.3.25]
	at org.springframework.beans.factory.support.AbstractAutowireCapableBeanFactory.createBeanInstance(AbstractAutowireCapableBeanFactory.java:1222) ~[spring-beans-5.3.25.jar:5.3.25]
	at org.springframework.beans.factory.support.AbstractAutowireCapableBeanFactory.doCreateBean(AbstractAutowireCapableBeanFactory.java:582) ~[spring-beans-5.3.25.jar:5.3.25]
	at org.springframework.beans.factory.support.AbstractAutowireCapableBeanFactory.createBean(AbstractAutowireCapableBeanFactory.java:542) ~[spring-beans-5.3.25.jar:5.3.25]
	at org.springframework.beans.factory.support.AbstractBeanFactory.lambda$doGetBean$0(AbstractBeanFactory.java:335) ~[spring-beans-5.3.25.jar:5.3.25]
	at org.springframework.beans.factory.support.DefaultSingletonBeanRegistry.getSingleton(DefaultSingletonBeanRegistry.java:234) ~[spring-beans-5.3.25.jar:5.3.25]
	at org.springframework.beans.factory.support.AbstractBeanFactory.doGetBean(AbstractBeanFactory.java:333) ~[spring-beans-5.3.25.jar:5.3.25]
	at org.springframework.beans.factory.support.AbstractBeanFactory.getBean(AbstractBeanFactory.java:208) ~[spring-beans-5.3.25.jar:5.3.25]
	at org.springframework.beans.factory.support.DefaultListableBeanFactory.preInstantiateSingletons(DefaultListableBeanFactory.java:955) ~[spring-beans-5.3.25.jar:5.3.25]
	at org.springframework.context.support.AbstractApplicationContext.finishBeanFactoryInitialization(AbstractApplicationContext.java:918) ~[spring-context-5.3.25.jar:5.3.25]
	at org.springframework.context.support.AbstractApplicationContext.refresh(AbstractApplicationContext.java:583) ~[spring-context-5.3.25.jar:5.3.25]
	at org.springframework.boot.web.servlet.context.ServletWebServerApplicationContext.refresh(ServletWebServerApplicationContext.java:147) ~[spring-boot-2.7.9.jar:2.7.9]
	at org.springframework.boot.SpringApplication.refresh(SpringApplication.java:731) ~[spring-boot-2.7.9.jar:2.7.9]
	at org.springframework.boot.SpringApplication.refreshContext(SpringApplication.java:408) ~[spring-boot-2.7.9.jar:2.7.9]
	at org.springframework.boot.SpringApplication.run(SpringApplication.java:307) ~[spring-boot-2.7.9.jar:2.7.9]
	at org.springframework.boot.SpringApplication.run(SpringApplication.java:1303) ~[spring-boot-2.7.9.jar:2.7.9]
	at org.springframework.boot.SpringApplication.run(SpringApplication.java:1292) ~[spring-boot-2.7.9.jar:2.7.9]
	at rs.ac.uns.ftn.svtvezbe07.SvtVezbe07Application.main(SvtVezbe07Application.java:10) ~[classes/:na]
	at java.base/jdk.internal.reflect.DirectMethodHandleAccessor.invoke(DirectMethodHandleAccessor.java:104) ~[na:na]
	at java.base/java.lang.reflect.Method.invoke(Method.java:578) ~[na:na]
	at org.springframework.boot.devtools.restart.RestartLauncher.run(RestartLauncher.java:49) ~[spring-boot-devtools-2.7.9.jar:2.7.9]
Caused by: org.springframework.beans.factory.UnsatisfiedDependencyException: Error creating bean with name 'indexingServiceImpl' defined in file [C:\Users\Simikic\Desktop\SocialNetworkWithElasticSearch\v7-backend\target\classes\rs\ac\uns\ftn\svtvezbe07\service\implementation\IndexingServiceImpl.class]: Unsatisfied dependency expressed through constructor parameter 0; nested exception is org.springframework.beans.factory.BeanCreationException: Error creating bean with name 'dummyIndexRepository' defined in rs.ac.uns.ftn.svtvezbe07.indexrepository.DummyIndexRepository defined in @EnableElasticsearchRepositories declared on ElasticsearchConfiguration: Invocation of init method failed; nested exception is org.springframework.beans.BeanInstantiationException: Failed to instantiate [org.springframework.data.elasticsearch.repository.support.SimpleElasticsearchRepository]: Constructor threw exception; nested exception is org.springframework.dao.DataAccessResourceFailureException: Connection is closed; nested exception is java.lang.RuntimeException: Connection is closed
	at org.springframework.beans.factory.support.ConstructorResolver.createArgumentArray(ConstructorResolver.java:800) ~[spring-beans-5.3.25.jar:5.3.25]
	at org.springframework.beans.factory.support.ConstructorResolver.autowireConstructor(ConstructorResolver.java:229) ~[spring-beans-5.3.25.jar:5.3.25]
	at org.springframework.beans.factory.support.AbstractAutowireCapableBeanFactory.autowireConstructor(AbstractAutowireCapableBeanFactory.java:1372) ~[spring-beans-5.3.25.jar:5.3.25]
	at org.springframework.beans.factory.support.AbstractAutowireCapableBeanFactory.createBeanInstance(AbstractAutowireCapableBeanFactory.java:1222) ~[spring-beans-5.3.25.jar:5.3.25]
	at org.springframework.beans.factory.support.AbstractAutowireCapableBeanFactory.doCreateBean(AbstractAutowireCapableBeanFactory.java:582) ~[spring-beans-5.3.25.jar:5.3.25]
	at org.springframework.beans.factory.support.AbstractAutowireCapableBeanFactory.createBean(AbstractAutowireCapableBeanFactory.java:542) ~[spring-beans-5.3.25.jar:5.3.25]
	at org.springframework.beans.factory.support.AbstractBeanFactory.lambda$doGetBean$0(AbstractBeanFactory.java:335) ~[spring-beans-5.3.25.jar:5.3.25]
	at org.springframework.beans.factory.support.DefaultSingletonBeanRegistry.getSingleton(DefaultSingletonBeanRegistry.java:234) ~[spring-beans-5.3.25.jar:5.3.25]
	at org.springframework.beans.factory.support.AbstractBeanFactory.doGetBean(AbstractBeanFactory.java:333) ~[spring-beans-5.3.25.jar:5.3.25]
	at org.springframework.beans.factory.support.AbstractBeanFactory.getBean(AbstractBeanFactory.java:208) ~[spring-beans-5.3.25.jar:5.3.25]
	at org.springframework.beans.factory.config.DependencyDescriptor.resolveCandidate(DependencyDescriptor.java:276) ~[spring-beans-5.3.25.jar:5.3.25]
	at org.springframework.beans.factory.support.DefaultListableBeanFactory.doResolveDependency(DefaultListableBeanFactory.java:1391) ~[spring-beans-5.3.25.jar:5.3.25]
	at org.springframework.beans.factory.support.DefaultListableBeanFactory.resolveDependency(DefaultListableBeanFactory.java:1311) ~[spring-beans-5.3.25.jar:5.3.25]
	at org.springframework.beans.factory.support.ConstructorResolver.resolveAutowiredArgument(ConstructorResolver.java:887) ~[spring-beans-5.3.25.jar:5.3.25]
	at org.springframework.beans.factory.support.ConstructorResolver.createArgumentArray(ConstructorResolver.java:791) ~[spring-beans-5.3.25.jar:5.3.25]
	... 22 common frames omitted
Caused by: org.springframework.beans.factory.BeanCreationException: Error creating bean with name 'dummyIndexRepository' defined in rs.ac.uns.ftn.svtvezbe07.indexrepository.DummyIndexRepository defined in @EnableElasticsearchRepositories declared on ElasticsearchConfiguration: Invocation of init method failed; nested exception is org.springframework.beans.BeanInstantiationException: Failed to instantiate [org.springframework.data.elasticsearch.repository.support.SimpleElasticsearchRepository]: Constructor threw exception; nested exception is org.springframework.dao.DataAccessResourceFailureException: Connection is closed; nested exception is java.lang.RuntimeException: Connection is closed
	at org.springframework.beans.factory.support.AbstractAutowireCapableBeanFactory.initializeBean(AbstractAutowireCapableBeanFactory.java:1804) ~[spring-beans-5.3.25.jar:5.3.25]
	at org.springframework.beans.factory.support.AbstractAutowireCapableBeanFactory.doCreateBean(AbstractAutowireCapableBeanFactory.java:620) ~[spring-beans-5.3.25.jar:5.3.25]
	at org.springframework.beans.factory.support.AbstractAutowireCapableBeanFactory.createBean(AbstractAutowireCapableBeanFactory.java:542) ~[spring-beans-5.3.25.jar:5.3.25]
	at org.springframework.beans.factory.support.AbstractBeanFactory.lambda$doGetBean$0(AbstractBeanFactory.java:335) ~[spring-beans-5.3.25.jar:5.3.25]
	at org.springframework.beans.factory.support.DefaultSingletonBeanRegistry.getSingleton(DefaultSingletonBeanRegistry.java:234) ~[spring-beans-5.3.25.jar:5.3.25]
	at org.springframework.beans.factory.support.AbstractBeanFactory.doGetBean(AbstractBeanFactory.java:333) ~[spring-beans-5.3.25.jar:5.3.25]
	at org.springframework.beans.factory.support.AbstractBeanFactory.getBean(AbstractBeanFactory.java:208) ~[spring-beans-5.3.25.jar:5.3.25]
	at org.springframework.beans.factory.config.DependencyDescriptor.resolveCandidate(DependencyDescriptor.java:276) ~[spring-beans-5.3.25.jar:5.3.25]
	at org.springframework.beans.factory.support.DefaultListableBeanFactory.doResolveDependency(DefaultListableBeanFactory.java:1391) ~[spring-beans-5.3.25.jar:5.3.25]
	at org.springframework.beans.factory.support.DefaultListableBeanFactory.resolveDependency(DefaultListableBeanFactory.java:1311) ~[spring-beans-5.3.25.jar:5.3.25]
	at org.springframework.beans.factory.support.ConstructorResolver.resolveAutowiredArgument(ConstructorResolver.java:887) ~[spring-beans-5.3.25.jar:5.3.25]
	at org.springframework.beans.factory.support.ConstructorResolver.createArgumentArray(ConstructorResolver.java:791) ~[spring-beans-5.3.25.jar:5.3.25]
	... 36 common frames omitted
Caused by: org.springframework.beans.BeanInstantiationException: Failed to instantiate [org.springframework.data.elasticsearch.repository.support.SimpleElasticsearchRepository]: Constructor threw exception; nested exception is org.springframework.dao.DataAccessResourceFailureException: Connection is closed; nested exception is java.lang.RuntimeException: Connection is closed
	at org.springframework.beans.BeanUtils.instantiateClass(BeanUtils.java:224) ~[spring-beans-5.3.25.jar:5.3.25]
	at org.springframework.data.repository.core.support.RepositoryFactorySupport.lambda$instantiateClass$5(RepositoryFactorySupport.java:579) ~[spring-data-commons-2.7.8.jar:2.7.8]
	at java.base/java.util.Optional.map(Optional.java:260) ~[na:na]
	at org.springframework.data.repository.core.support.RepositoryFactorySupport.instantiateClass(RepositoryFactorySupport.java:579) ~[spring-data-commons-2.7.8.jar:2.7.8]
	at org.springframework.data.repository.core.support.RepositoryFactorySupport.getTargetRepositoryViaReflection(RepositoryFactorySupport.java:544) ~[spring-data-commons-2.7.8.jar:2.7.8]
	at org.springframework.data.elasticsearch.repository.support.ElasticsearchRepositoryFactory.getTargetRepository(ElasticsearchRepositoryFactory.java:74) ~[spring-data-elasticsearch-4.4.8.jar:4.4.8]
	at org.springframework.data.repository.core.support.RepositoryFactorySupport.getRepository(RepositoryFactorySupport.java:325) ~[spring-data-commons-2.7.8.jar:2.7.8]
	at org.springframework.data.repository.core.support.RepositoryFactoryBeanSupport.lambda$afterPropertiesSet$5(RepositoryFactoryBeanSupport.java:323) ~[spring-data-commons-2.7.8.jar:2.7.8]
	at org.springframework.data.util.Lazy.getNullable(Lazy.java:231) ~[spring-data-commons-2.7.8.jar:2.7.8]
	at org.springframework.data.util.Lazy.get(Lazy.java:115) ~[spring-data-commons-2.7.8.jar:2.7.8]
	at org.springframework.data.repository.core.support.RepositoryFactoryBeanSupport.afterPropertiesSet(RepositoryFactoryBeanSupport.java:329) ~[spring-data-commons-2.7.8.jar:2.7.8]
	at org.springframework.data.elasticsearch.repository.support.ElasticsearchRepositoryFactoryBean.afterPropertiesSet(ElasticsearchRepositoryFactoryBean.java:69) ~[spring-data-elasticsearch-4.4.8.jar:4.4.8]
	at org.springframework.beans.factory.support.AbstractAutowireCapableBeanFactory.invokeInitMethods(AbstractAutowireCapableBeanFactory.java:1863) ~[spring-beans-5.3.25.jar:5.3.25]
	at org.springframework.beans.factory.support.AbstractAutowireCapableBeanFactory.initializeBean(AbstractAutowireCapableBeanFactory.java:1800) ~[spring-beans-5.3.25.jar:5.3.25]
	... 47 common frames omitted
Caused by: org.springframework.dao.DataAccessResourceFailureException: Connection is closed; nested exception is java.lang.RuntimeException: Connection is closed
	at org.springframework.data.elasticsearch.client.elc.ElasticsearchExceptionTranslator.translateExceptionIfPossible(ElasticsearchExceptionTranslator.java:102) ~[spring-data-elasticsearch-4.4.8.jar:4.4.8]
	at org.springframework.data.elasticsearch.client.elc.ElasticsearchExceptionTranslator.translateException(ElasticsearchExceptionTranslator.java:63) ~[spring-data-elasticsearch-4.4.8.jar:4.4.8]
	at org.springframework.data.elasticsearch.client.elc.ChildTemplate.execute(ChildTemplate.java:72) ~[spring-data-elasticsearch-4.4.8.jar:4.4.8]
	at org.springframework.data.elasticsearch.client.elc.IndicesTemplate.doExists(IndicesTemplate.java:168) ~[spring-data-elasticsearch-4.4.8.jar:4.4.8]
	at org.springframework.data.elasticsearch.client.elc.IndicesTemplate.exists(IndicesTemplate.java:160) ~[spring-data-elasticsearch-4.4.8.jar:4.4.8]
	at org.springframework.data.elasticsearch.repository.support.SimpleElasticsearchRepository.<init>(SimpleElasticsearchRepository.java:87) ~[spring-data-elasticsearch-4.4.8.jar:4.4.8]
	at java.base/jdk.internal.reflect.DirectConstructorHandleAccessor.newInstance(DirectConstructorHandleAccessor.java:67) ~[na:na]
	at java.base/java.lang.reflect.Constructor.newInstanceWithCaller(Constructor.java:500) ~[na:na]
	at java.base/java.lang.reflect.Constructor.newInstance(Constructor.java:484) ~[na:na]
	at org.springframework.beans.BeanUtils.instantiateClass(BeanUtils.java:211) ~[spring-beans-5.3.25.jar:5.3.25]
	... 60 common frames omitted
Caused by: java.lang.RuntimeException: Connection is closed
	at org.springframework.data.elasticsearch.client.elc.ElasticsearchExceptionTranslator.translateException(ElasticsearchExceptionTranslator.java:62) ~[spring-data-elasticsearch-4.4.8.jar:4.4.8]
	... 68 common frames omitted
Caused by: org.apache.http.ConnectionClosedException: Connection is closed
	at org.elasticsearch.client.RestClient.extractAndWrapCause(RestClient.java:922) ~[elasticsearch-rest-client-7.17.9.jar:7.17.9]
	at org.elasticsearch.client.RestClient.performRequest(RestClient.java:300) ~[elasticsearch-rest-client-7.17.9.jar:7.17.9]
	at org.elasticsearch.client.RestClient.performRequest(RestClient.java:288) ~[elasticsearch-rest-client-7.17.9.jar:7.17.9]
	at co.elastic.clients.transport.rest_client.RestClientTransport.performRequest(RestClientTransport.java:152) ~[elasticsearch-java-7.17.9.jar:na]
	at co.elastic.clients.elasticsearch.indices.ElasticsearchIndicesClient.exists(ElasticsearchIndicesClient.java:587) ~[elasticsearch-java-7.17.9.jar:na]
	at org.springframework.data.elasticsearch.client.elc.IndicesTemplate.lambda$doExists$2(IndicesTemplate.java:168) ~[spring-data-elasticsearch-4.4.8.jar:4.4.8]
	at org.springframework.data.elasticsearch.client.elc.ChildTemplate.execute(ChildTemplate.java:70) ~[spring-data-elasticsearch-4.4.8.jar:4.4.8]
	... 67 common frames omitted
Caused by: org.apache.http.ConnectionClosedException: Connection is closed
	at org.apache.http.nio.protocol.HttpAsyncRequestExecutor.endOfInput(HttpAsyncRequestExecutor.java:356) ~[httpcore-nio-4.4.16.jar:4.4.16]
	at org.apache.http.impl.nio.DefaultNHttpClientConnection.consumeInput(DefaultNHttpClientConnection.java:261) ~[httpcore-nio-4.4.16.jar:4.4.16]
	at org.apache.http.impl.nio.client.InternalIODispatch.onInputReady(InternalIODispatch.java:87) ~[httpasyncclient-4.1.5.jar:4.1.5]
	at org.apache.http.impl.nio.client.InternalIODispatch.onInputReady(InternalIODispatch.java:40) ~[httpasyncclient-4.1.5.jar:4.1.5]
	at org.apache.http.impl.nio.reactor.AbstractIODispatch.inputReady(AbstractIODispatch.java:114) ~[httpcore-nio-4.4.16.jar:4.4.16]
	at org.apache.http.impl.nio.reactor.BaseIOReactor.readable(BaseIOReactor.java:162) ~[httpcore-nio-4.4.16.jar:4.4.16]
	at org.apache.http.impl.nio.reactor.AbstractIOReactor.processEvent(AbstractIOReactor.java:337) ~[httpcore-nio-4.4.16.jar:4.4.16]
	at org.apache.http.impl.nio.reactor.AbstractIOReactor.processEvents(AbstractIOReactor.java:315) ~[httpcore-nio-4.4.16.jar:4.4.16]
	at org.apache.http.impl.nio.reactor.AbstractIOReactor.execute(AbstractIOReactor.java:276) ~[httpcore-nio-4.4.16.jar:4.4.16]
	at org.apache.http.impl.nio.reactor.BaseIOReactor.execute(BaseIOReactor.java:104) ~[httpcore-nio-4.4.16.jar:4.4.16]
	at org.apache.http.impl.nio.reactor.AbstractMultiworkerIOReactor$Worker.run(AbstractMultiworkerIOReactor.java:591) ~[httpcore-nio-4.4.16.jar:4.4.16]
	at java.base/java.lang.Thread.run(Thread.java:1589) ~[na:na]

2024-07-01 00:29:47.355  INFO 19204 --- [restartedMain] r.a.u.f.s.SvtVezbe07Application          : Starting SvtVezbe07Application using Java 19.0.2 on DESKTOP-37TV6SH with PID 19204 (C:\Users\Simikic\Desktop\SocialNetworkWithElasticSearch\v7-backend\target\classes started by Simikic in C:\Users\Simikic\Desktop\SocialNetworkWithElasticSearch\v7-backend)
2024-07-01 00:29:47.356  INFO 19204 --- [restartedMain] r.a.u.f.s.SvtVezbe07Application          : No active profile set, falling back to 1 default profile: "default"
2024-07-01 00:29:47.418  INFO 19204 --- [restartedMain] .e.DevToolsPropertyDefaultsPostProcessor : Devtools property defaults active! Set 'spring.devtools.add-properties' to 'false' to disable
2024-07-01 00:29:47.418  INFO 19204 --- [restartedMain] .e.DevToolsPropertyDefaultsPostProcessor : For additional web related logging consider setting the 'logging.level.web' property to 'DEBUG'
2024-07-01 00:29:47.962  INFO 19204 --- [restartedMain] .s.d.r.c.RepositoryConfigurationDelegate : Multiple Spring Data modules found, entering strict repository configuration mode
2024-07-01 00:29:47.963  INFO 19204 --- [restartedMain] .s.d.r.c.RepositoryConfigurationDelegate : Bootstrapping Spring Data Elasticsearch repositories in DEFAULT mode.
2024-07-01 00:29:48.005  INFO 19204 --- [restartedMain] .s.d.r.c.RepositoryConfigurationDelegate : Finished Spring Data repository scanning in 38 ms. Found 1 Elasticsearch repository interfaces.
2024-07-01 00:29:48.159  INFO 19204 --- [restartedMain] .s.d.r.c.RepositoryConfigurationDelegate : Multiple Spring Data modules found, entering strict repository configuration mode
2024-07-01 00:29:48.160  INFO 19204 --- [restartedMain] .s.d.r.c.RepositoryConfigurationDelegate : Bootstrapping Spring Data Reactive Elasticsearch repositories in DEFAULT mode.
2024-07-01 00:29:48.180  INFO 19204 --- [restartedMain] .RepositoryConfigurationExtensionSupport : Spring Data Reactive Elasticsearch - Could not safely identify store assignment for repository candidate interface rs.ac.uns.ftn.svtvezbe07.repository.DummyRepository; If you want this repository to be a Reactive Elasticsearch repository, consider annotating your entities with one of these annotations: org.springframework.data.elasticsearch.annotations.Document (preferred), or consider extending one of the following types with your repository: org.springframework.data.elasticsearch.repository.ReactiveElasticsearchRepository
2024-07-01 00:29:48.182  INFO 19204 --- [restartedMain] .RepositoryConfigurationExtensionSupport : Spring Data Reactive Elasticsearch - Could not safely identify store assignment for repository candidate interface rs.ac.uns.ftn.svtvezbe07.repository.GroupRepository; If you want this repository to be a Reactive Elasticsearch repository, consider annotating your entities with one of these annotations: org.springframework.data.elasticsearch.annotations.Document (preferred), or consider extending one of the following types with your repository: org.springframework.data.elasticsearch.repository.ReactiveElasticsearchRepository
2024-07-01 00:29:48.183  INFO 19204 --- [restartedMain] .RepositoryConfigurationExtensionSupport : Spring Data Reactive Elasticsearch - Could not safely identify store assignment for repository candidate interface rs.ac.uns.ftn.svtvezbe07.repository.PostRepository; If you want this repository to be a Reactive Elasticsearch repository, consider annotating your entities with one of these annotations: org.springframework.data.elasticsearch.annotations.Document (preferred), or consider extending one of the following types with your repository: org.springframework.data.elasticsearch.repository.ReactiveElasticsearchRepository
2024-07-01 00:29:48.185  INFO 19204 --- [restartedMain] .RepositoryConfigurationExtensionSupport : Spring Data Reactive Elasticsearch - Could not safely identify store assignment for repository candidate interface rs.ac.uns.ftn.svtvezbe07.repository.ReactionCommentsRepository; If you want this repository to be a Reactive Elasticsearch repository, consider annotating your entities with one of these annotations: org.springframework.data.elasticsearch.annotations.Document (preferred), or consider extending one of the following types with your repository: org.springframework.data.elasticsearch.repository.ReactiveElasticsearchRepository
2024-07-01 00:29:48.187  INFO 19204 --- [restartedMain] .RepositoryConfigurationExtensionSupport : Spring Data Reactive Elasticsearch - Could not safely identify store assignment for repository candidate interface rs.ac.uns.ftn.svtvezbe07.repository.UserRepository; If you want this repository to be a Reactive Elasticsearch repository, consider annotating your entities with one of these annotations: org.springframework.data.elasticsearch.annotations.Document (preferred), or consider extending one of the following types with your repository: org.springframework.data.elasticsearch.repository.ReactiveElasticsearchRepository
2024-07-01 00:29:48.187  INFO 19204 --- [restartedMain] .s.d.r.c.RepositoryConfigurationDelegate : Finished Spring Data repository scanning in 26 ms. Found 0 Reactive Elasticsearch repository interfaces.
2024-07-01 00:29:48.196  INFO 19204 --- [restartedMain] .s.d.r.c.RepositoryConfigurationDelegate : Multiple Spring Data modules found, entering strict repository configuration mode
2024-07-01 00:29:48.197  INFO 19204 --- [restartedMain] .s.d.r.c.RepositoryConfigurationDelegate : Bootstrapping Spring Data JPA repositories in DEFAULT mode.
2024-07-01 00:29:48.209  INFO 19204 --- [restartedMain] .RepositoryConfigurationExtensionSupport : Spring Data JPA - Could not safely identify store assignment for repository candidate interface rs.ac.uns.ftn.svtvezbe07.indexrepository.DummyIndexRepository; If you want this repository to be a JPA repository, consider annotating your entities with one of these annotations: javax.persistence.Entity, javax.persistence.MappedSuperclass (preferred), or consider extending one of the following types with your repository: org.springframework.data.jpa.repository.JpaRepository
2024-07-01 00:29:48.227  INFO 19204 --- [restartedMain] .s.d.r.c.RepositoryConfigurationDelegate : Finished Spring Data repository scanning in 26 ms. Found 5 JPA repository interfaces.
2024-07-01 00:29:48.936  INFO 19204 --- [restartedMain] o.s.b.w.embedded.tomcat.TomcatWebServer  : Tomcat initialized with port(s): 8080 (http)
2024-07-01 00:29:48.944  INFO 19204 --- [restartedMain] o.apache.catalina.core.StandardService   : Starting service [Tomcat]
2024-07-01 00:29:48.944  INFO 19204 --- [restartedMain] org.apache.catalina.core.StandardEngine  : Starting Servlet engine: [Apache Tomcat/9.0.71]
2024-07-01 00:29:49.045  INFO 19204 --- [restartedMain] o.a.c.c.C.[Tomcat].[localhost].[/]       : Initializing Spring embedded WebApplicationContext
2024-07-01 00:29:49.046  INFO 19204 --- [restartedMain] w.s.c.ServletWebServerApplicationContext : Root WebApplicationContext: initialization completed in 1627 ms
2024-07-01 00:29:49.224  INFO 19204 --- [restartedMain] o.hibernate.jpa.internal.util.LogHelper  : HHH000204: Processing PersistenceUnitInfo [name: default]
2024-07-01 00:29:49.264  INFO 19204 --- [restartedMain] org.hibernate.Version                    : HHH000412: Hibernate ORM core version 5.6.15.Final
2024-07-01 00:29:49.402  INFO 19204 --- [restartedMain] o.hibernate.annotations.common.Version   : HCANN000001: Hibernate Commons Annotations {5.1.2.Final}
2024-07-01 00:29:49.487  INFO 19204 --- [restartedMain] com.zaxxer.hikari.HikariDataSource       : HikariPool-1 - Starting...
2024-07-01 00:29:49.592  INFO 19204 --- [restartedMain] com.zaxxer.hikari.HikariDataSource       : HikariPool-1 - Start completed.
2024-07-01 00:29:49.604  INFO 19204 --- [restartedMain] org.hibernate.dialect.Dialect            : HHH000400: Using dialect: org.hibernate.dialect.MySQL8Dialect
2024-07-01 00:29:50.344 DEBUG 19204 --- [restartedMain] org.hibernate.SQL                        : create table images (path varchar(255) not null auto_increment, primary key (path)) engine=InnoDB
2024-07-01 00:29:50.356  WARN 19204 --- [restartedMain] o.h.t.s.i.ExceptionHandlerLoggedImpl     : GenerationTarget encountered exception accepting command : Error executing DDL "create table images (path varchar(255) not null auto_increment, primary key (path)) engine=InnoDB" via JDBC Statement

org.hibernate.tool.schema.spi.CommandAcceptanceException: Error executing DDL "create table images (path varchar(255) not null auto_increment, primary key (path)) engine=InnoDB" via JDBC Statement
	at org.hibernate.tool.schema.internal.exec.GenerationTargetToDatabase.accept(GenerationTargetToDatabase.java:67) ~[hibernate-core-5.6.15.Final.jar:5.6.15.Final]
	at org.hibernate.tool.schema.internal.AbstractSchemaMigrator.applySqlString(AbstractSchemaMigrator.java:581) ~[hibernate-core-5.6.15.Final.jar:5.6.15.Final]
	at org.hibernate.tool.schema.internal.AbstractSchemaMigrator.applySqlStrings(AbstractSchemaMigrator.java:526) ~[hibernate-core-5.6.15.Final.jar:5.6.15.Final]
	at org.hibernate.tool.schema.internal.AbstractSchemaMigrator.createTable(AbstractSchemaMigrator.java:293) ~[hibernate-core-5.6.15.Final.jar:5.6.15.Final]
	at org.hibernate.tool.schema.internal.GroupedSchemaMigratorImpl.performTablesMigration(GroupedSchemaMigratorImpl.java:74) ~[hibernate-core-5.6.15.Final.jar:5.6.15.Final]
	at org.hibernate.tool.schema.internal.AbstractSchemaMigrator.performMigration(AbstractSchemaMigrator.java:220) ~[hibernate-core-5.6.15.Final.jar:5.6.15.Final]
	at org.hibernate.tool.schema.internal.AbstractSchemaMigrator.doMigration(AbstractSchemaMigrator.java:123) ~[hibernate-core-5.6.15.Final.jar:5.6.15.Final]
	at org.hibernate.tool.schema.spi.SchemaManagementToolCoordinator.performDatabaseAction(SchemaManagementToolCoordinator.java:196) ~[hibernate-core-5.6.15.Final.jar:5.6.15.Final]
	at org.hibernate.tool.schema.spi.SchemaManagementToolCoordinator.process(SchemaManagementToolCoordinator.java:85) ~[hibernate-core-5.6.15.Final.jar:5.6.15.Final]
	at org.hibernate.internal.SessionFactoryImpl.<init>(SessionFactoryImpl.java:335) ~[hibernate-core-5.6.15.Final.jar:5.6.15.Final]
	at org.hibernate.boot.internal.SessionFactoryBuilderImpl.build(SessionFactoryBuilderImpl.java:471) ~[hibernate-core-5.6.15.Final.jar:5.6.15.Final]
	at org.hibernate.jpa.boot.internal.EntityManagerFactoryBuilderImpl.build(EntityManagerFactoryBuilderImpl.java:1498) ~[hibernate-core-5.6.15.Final.jar:5.6.15.Final]
	at org.springframework.orm.jpa.vendor.SpringHibernateJpaPersistenceProvider.createContainerEntityManagerFactory(SpringHibernateJpaPersistenceProvider.java:58) ~[spring-orm-5.3.25.jar:5.3.25]
	at org.springframework.orm.jpa.LocalContainerEntityManagerFactoryBean.createNativeEntityManagerFactory(LocalContainerEntityManagerFactoryBean.java:365) ~[spring-orm-5.3.25.jar:5.3.25]
	at org.springframework.orm.jpa.AbstractEntityManagerFactoryBean.buildNativeEntityManagerFactory(AbstractEntityManagerFactoryBean.java:409) ~[spring-orm-5.3.25.jar:5.3.25]
	at org.springframework.orm.jpa.AbstractEntityManagerFactoryBean.afterPropertiesSet(AbstractEntityManagerFactoryBean.java:396) ~[spring-orm-5.3.25.jar:5.3.25]
	at org.springframework.orm.jpa.LocalContainerEntityManagerFactoryBean.afterPropertiesSet(LocalContainerEntityManagerFactoryBean.java:341) ~[spring-orm-5.3.25.jar:5.3.25]
	at org.springframework.beans.factory.support.AbstractAutowireCapableBeanFactory.invokeInitMethods(AbstractAutowireCapableBeanFactory.java:1863) ~[spring-beans-5.3.25.jar:5.3.25]
	at org.springframework.beans.factory.support.AbstractAutowireCapableBeanFactory.initializeBean(AbstractAutowireCapableBeanFactory.java:1800) ~[spring-beans-5.3.25.jar:5.3.25]
	at org.springframework.beans.factory.support.AbstractAutowireCapableBeanFactory.doCreateBean(AbstractAutowireCapableBeanFactory.java:620) ~[spring-beans-5.3.25.jar:5.3.25]
	at org.springframework.beans.factory.support.AbstractAutowireCapableBeanFactory.createBean(AbstractAutowireCapableBeanFactory.java:542) ~[spring-beans-5.3.25.jar:5.3.25]
	at org.springframework.beans.factory.support.AbstractBeanFactory.lambda$doGetBean$0(AbstractBeanFactory.java:335) ~[spring-beans-5.3.25.jar:5.3.25]
	at org.springframework.beans.factory.support.DefaultSingletonBeanRegistry.getSingleton(DefaultSingletonBeanRegistry.java:234) ~[spring-beans-5.3.25.jar:5.3.25]
	at org.springframework.beans.factory.support.AbstractBeanFactory.doGetBean(AbstractBeanFactory.java:333) ~[spring-beans-5.3.25.jar:5.3.25]
	at org.springframework.beans.factory.support.AbstractBeanFactory.getBean(AbstractBeanFactory.java:208) ~[spring-beans-5.3.25.jar:5.3.25]
	at org.springframework.context.support.AbstractApplicationContext.getBean(AbstractApplicationContext.java:1154) ~[spring-context-5.3.25.jar:5.3.25]
	at org.springframework.context.support.AbstractApplicationContext.finishBeanFactoryInitialization(AbstractApplicationContext.java:908) ~[spring-context-5.3.25.jar:5.3.25]
	at org.springframework.context.support.AbstractApplicationContext.refresh(AbstractApplicationContext.java:583) ~[spring-context-5.3.25.jar:5.3.25]
	at org.springframework.boot.web.servlet.context.ServletWebServerApplicationContext.refresh(ServletWebServerApplicationContext.java:147) ~[spring-boot-2.7.9.jar:2.7.9]
	at org.springframework.boot.SpringApplication.refresh(SpringApplication.java:731) ~[spring-boot-2.7.9.jar:2.7.9]
	at org.springframework.boot.SpringApplication.refreshContext(SpringApplication.java:408) ~[spring-boot-2.7.9.jar:2.7.9]
	at org.springframework.boot.SpringApplication.run(SpringApplication.java:307) ~[spring-boot-2.7.9.jar:2.7.9]
	at org.springframework.boot.SpringApplication.run(SpringApplication.java:1303) ~[spring-boot-2.7.9.jar:2.7.9]
	at org.springframework.boot.SpringApplication.run(SpringApplication.java:1292) ~[spring-boot-2.7.9.jar:2.7.9]
	at rs.ac.uns.ftn.svtvezbe07.SvtVezbe07Application.main(SvtVezbe07Application.java:10) ~[classes/:na]
	at java.base/jdk.internal.reflect.DirectMethodHandleAccessor.invoke(DirectMethodHandleAccessor.java:104) ~[na:na]
	at java.base/java.lang.reflect.Method.invoke(Method.java:578) ~[na:na]
	at org.springframework.boot.devtools.restart.RestartLauncher.run(RestartLauncher.java:49) ~[spring-boot-devtools-2.7.9.jar:2.7.9]
Caused by: java.sql.SQLSyntaxErrorException: Incorrect column specifier for column 'path'
	at com.mysql.cj.jdbc.exceptions.SQLError.createSQLException(SQLError.java:120) ~[mysql-connector-j-8.0.32.jar:8.0.32]
	at com.mysql.cj.jdbc.exceptions.SQLExceptionsMapping.translateException(SQLExceptionsMapping.java:122) ~[mysql-connector-j-8.0.32.jar:8.0.32]
	at com.mysql.cj.jdbc.StatementImpl.executeInternal(StatementImpl.java:763) ~[mysql-connector-j-8.0.32.jar:8.0.32]
	at com.mysql.cj.jdbc.StatementImpl.execute(StatementImpl.java:648) ~[mysql-connector-j-8.0.32.jar:8.0.32]
	at com.zaxxer.hikari.pool.ProxyStatement.execute(ProxyStatement.java:94) ~[HikariCP-4.0.3.jar:na]
	at com.zaxxer.hikari.pool.HikariProxyStatement.execute(HikariProxyStatement.java) ~[HikariCP-4.0.3.jar:na]
	at org.hibernate.tool.schema.internal.exec.GenerationTargetToDatabase.accept(GenerationTargetToDatabase.java:54) ~[hibernate-core-5.6.15.Final.jar:5.6.15.Final]
	... 37 common frames omitted

2024-07-01 00:29:50.417  INFO 19204 --- [restartedMain] o.h.e.t.j.p.i.JtaPlatformInitiator       : HHH000490: Using JtaPlatform implementation: [org.hibernate.engine.transaction.jta.platform.internal.NoJtaPlatform]
2024-07-01 00:29:50.425  INFO 19204 --- [restartedMain] j.LocalContainerEntityManagerFactoryBean : Initialized JPA EntityManagerFactory for persistence unit 'default'
2024-07-01 00:29:51.382  INFO 19204 --- [restartedMain] o.s.b.d.a.OptionalLiveReloadServer       : LiveReload server is running on port 35729
2024-07-01 00:29:53.074  INFO 19204 --- [restartedMain] o.s.s.web.DefaultSecurityFilterChain     : Will secure any request with [org.springframework.security.web.session.DisableEncodeUrlFilter@197ee090, org.springframework.security.web.context.request.async.WebAsyncManagerIntegrationFilter@4f34a2f7, org.springframework.security.web.context.SecurityContextPersistenceFilter@29f04b2a, org.springframework.security.web.header.HeaderWriterFilter@5a2e60f1, org.springframework.web.filter.CorsFilter@4fa660db, org.springframework.security.web.authentication.logout.LogoutFilter@79fc6291, rs.ac.uns.ftn.svtvezbe07.security.AuthenticationTokenFilter@73f861e3, org.springframework.security.web.savedrequest.RequestCacheAwareFilter@59e41fab, org.springframework.security.web.servletapi.SecurityContextHolderAwareRequestFilter@61a9180, org.springframework.security.web.authentication.AnonymousAuthenticationFilter@1dec756c, org.springframework.security.web.session.SessionManagementFilter@4a2975ce, org.springframework.security.web.access.ExceptionTranslationFilter@6d8e6133, org.springframework.security.web.access.intercept.FilterSecurityInterceptor@560c7f0d]
2024-07-01 00:29:53.078  WARN 19204 --- [restartedMain] o.s.s.c.a.web.builders.WebSecurity       : You are asking Spring Security to ignore Ant [pattern='/api/users/login', POST]. This is not recommended -- please use permitAll via HttpSecurity#authorizeHttpRequests instead.
2024-07-01 00:29:53.079  INFO 19204 --- [restartedMain] o.s.s.web.DefaultSecurityFilterChain     : Will not secure Ant [pattern='/api/users/login', POST]
2024-07-01 00:29:53.080  WARN 19204 --- [restartedMain] o.s.s.c.a.web.builders.WebSecurity       : You are asking Spring Security to ignore Ant [pattern='/', GET]. This is not recommended -- please use permitAll via HttpSecurity#authorizeHttpRequests instead.
2024-07-01 00:29:53.080  INFO 19204 --- [restartedMain] o.s.s.web.DefaultSecurityFilterChain     : Will not secure Ant [pattern='/', GET]
2024-07-01 00:29:53.080  WARN 19204 --- [restartedMain] o.s.s.c.a.web.builders.WebSecurity       : You are asking Spring Security to ignore Ant [pattern='/webjars/**', GET]. This is not recommended -- please use permitAll via HttpSecurity#authorizeHttpRequests instead.
2024-07-01 00:29:53.080  INFO 19204 --- [restartedMain] o.s.s.web.DefaultSecurityFilterChain     : Will not secure Ant [pattern='/webjars/**', GET]
2024-07-01 00:29:53.080  WARN 19204 --- [restartedMain] o.s.s.c.a.web.builders.WebSecurity       : You are asking Spring Security to ignore Ant [pattern='/*.html', GET]. This is not recommended -- please use permitAll via HttpSecurity#authorizeHttpRequests instead.
2024-07-01 00:29:53.080  INFO 19204 --- [restartedMain] o.s.s.web.DefaultSecurityFilterChain     : Will not secure Ant [pattern='/*.html', GET]
2024-07-01 00:29:53.080  WARN 19204 --- [restartedMain] o.s.s.c.a.web.builders.WebSecurity       : You are asking Spring Security to ignore Ant [pattern='favicon.ico', GET]. This is not recommended -- please use permitAll via HttpSecurity#authorizeHttpRequests instead.
2024-07-01 00:29:53.080  INFO 19204 --- [restartedMain] o.s.s.web.DefaultSecurityFilterChain     : Will not secure Ant [pattern='favicon.ico', GET]
2024-07-01 00:29:53.080  WARN 19204 --- [restartedMain] o.s.s.c.a.web.builders.WebSecurity       : You are asking Spring Security to ignore Ant [pattern='/**/*.html', GET]. This is not recommended -- please use permitAll via HttpSecurity#authorizeHttpRequests instead.
2024-07-01 00:29:53.080  INFO 19204 --- [restartedMain] o.s.s.web.DefaultSecurityFilterChain     : Will not secure Ant [pattern='/**/*.html', GET]
2024-07-01 00:29:53.081  WARN 19204 --- [restartedMain] o.s.s.c.a.web.builders.WebSecurity       : You are asking Spring Security to ignore Ant [pattern='/**/*.css', GET]. This is not recommended -- please use permitAll via HttpSecurity#authorizeHttpRequests instead.
2024-07-01 00:29:53.081  INFO 19204 --- [restartedMain] o.s.s.web.DefaultSecurityFilterChain     : Will not secure Ant [pattern='/**/*.css', GET]
2024-07-01 00:29:53.081  WARN 19204 --- [restartedMain] o.s.s.c.a.web.builders.WebSecurity       : You are asking Spring Security to ignore Ant [pattern='/**/*.js', GET]. This is not recommended -- please use permitAll via HttpSecurity#authorizeHttpRequests instead.
2024-07-01 00:29:53.081  INFO 19204 --- [restartedMain] o.s.s.web.DefaultSecurityFilterChain     : Will not secure Ant [pattern='/**/*.js', GET]
2024-07-01 00:29:53.279  INFO 19204 --- [restartedMain] o.s.b.w.embedded.tomcat.TomcatWebServer  : Tomcat started on port(s): 8080 (http) with context path ''
2024-07-01 00:29:53.291  INFO 19204 --- [restartedMain] r.a.u.f.s.SvtVezbe07Application          : Started SvtVezbe07Application in 6.474 seconds (JVM running for 7.443)
2024-07-01 00:31:09.144  INFO 19204 --- [http-nio-0.0.0.0-8080-exec-2] o.a.c.c.C.[Tomcat].[localhost].[/]       : Initializing Spring DispatcherServlet 'dispatcherServlet'
2024-07-01 00:31:09.145  INFO 19204 --- [http-nio-0.0.0.0-8080-exec-2] o.s.web.servlet.DispatcherServlet        : Initializing Servlet 'dispatcherServlet'
2024-07-01 00:31:09.146  INFO 19204 --- [http-nio-0.0.0.0-8080-exec-2] o.s.web.servlet.DispatcherServlet        : Completed initialization in 1 ms
2024-07-01 00:31:09.162  WARN 19204 --- [http-nio-0.0.0.0-8080-exec-2] o.s.web.servlet.PageNotFound             : No mapping for GET /
2024-07-01 00:32:02.667  WARN 19204 --- [http-nio-0.0.0.0-8080-exec-4] o.s.web.servlet.PageNotFound             : No mapping for GET /
2024-07-01 00:38:52.631 DEBUG 19204 --- [http-nio-0.0.0.0-8080-exec-4] org.hibernate.SQL                        : select user0_.id as id1_14_, user0_.last_login as last_log2_14_, user0_.description as descript3_14_, user0_.display_name as display_4_14_, user0_.email as email5_14_, user0_.firstname as firstnam6_14_, user0_.lastname as lastname7_14_, user0_.password as password8_14_, user0_.role as role9_14_, user0_.username as usernam10_14_ from users_table user0_ where user0_.username=? limit ?
2024-07-01 00:38:52.788 DEBUG 19204 --- [http-nio-0.0.0.0-8080-exec-4] org.hibernate.SQL                        : insert into users_table (last_login, description, display_name, email, firstname, lastname, password, role, username) values (?, ?, ?, ?, ?, ?, ?, ?, ?)
2024-07-01 00:40:13.150 DEBUG 19204 --- [http-nio-0.0.0.0-8080-exec-7] org.hibernate.SQL                        : select user0_.id as id1_14_, user0_.last_login as last_log2_14_, user0_.description as descript3_14_, user0_.display_name as display_4_14_, user0_.email as email5_14_, user0_.firstname as firstnam6_14_, user0_.lastname as lastname7_14_, user0_.password as password8_14_, user0_.role as role9_14_, user0_.username as usernam10_14_ from users_table user0_ where user0_.username=? limit ?
2024-07-01 00:40:13.163 DEBUG 19204 --- [http-nio-0.0.0.0-8080-exec-7] org.hibernate.SQL                        : select posts0_.user_id as user_id1_15_0_, posts0_.posts_post_id as posts_po2_15_0_, post1_.post_id as post_id1_9_1_, post1_.content as content2_9_1_, post1_.creation_date as creation3_9_1_, post1_.deleted as deleted4_9_1_, post1_.user as user5_9_1_ from users_table_posts posts0_ inner join posts_table post1_ on posts0_.posts_post_id=post1_.post_id where posts0_.user_id=?
2024-07-01 00:42:02.728 DEBUG 19204 --- [http-nio-0.0.0.0-8080-exec-1] org.hibernate.SQL                        : select user0_.id as id1_14_, user0_.last_login as last_log2_14_, user0_.description as descript3_14_, user0_.display_name as display_4_14_, user0_.email as email5_14_, user0_.firstname as firstnam6_14_, user0_.lastname as lastname7_14_, user0_.password as password8_14_, user0_.role as role9_14_, user0_.username as usernam10_14_ from users_table user0_ where user0_.username=? limit ?
2024-07-01 00:42:02.733 DEBUG 19204 --- [http-nio-0.0.0.0-8080-exec-1] org.hibernate.SQL                        : select posts0_.user_id as user_id1_15_0_, posts0_.posts_post_id as posts_po2_15_0_, post1_.post_id as post_id1_9_1_, post1_.content as content2_9_1_, post1_.creation_date as creation3_9_1_, post1_.deleted as deleted4_9_1_, post1_.user as user5_9_1_ from users_table_posts posts0_ inner join posts_table post1_ on posts0_.posts_post_id=post1_.post_id where posts0_.user_id=?
2024-07-01 00:43:32.168 DEBUG 19204 --- [http-nio-0.0.0.0-8080-exec-4] org.hibernate.SQL                        : select user0_.id as id1_14_, user0_.last_login as last_log2_14_, user0_.description as descript3_14_, user0_.display_name as display_4_14_, user0_.email as email5_14_, user0_.firstname as firstnam6_14_, user0_.lastname as lastname7_14_, user0_.password as password8_14_, user0_.role as role9_14_, user0_.username as usernam10_14_ from users_table user0_ where user0_.username=? limit ?
2024-07-01 00:43:32.171 DEBUG 19204 --- [http-nio-0.0.0.0-8080-exec-4] org.hibernate.SQL                        : select posts0_.user_id as user_id1_15_0_, posts0_.posts_post_id as posts_po2_15_0_, post1_.post_id as post_id1_9_1_, post1_.content as content2_9_1_, post1_.creation_date as creation3_9_1_, post1_.deleted as deleted4_9_1_, post1_.user as user5_9_1_ from users_table_posts posts0_ inner join posts_table post1_ on posts0_.posts_post_id=post1_.post_id where posts0_.user_id=?
2024-07-01 00:45:24.442 DEBUG 19204 --- [http-nio-0.0.0.0-8080-exec-7] org.hibernate.SQL                        : select user0_.id as id1_14_, user0_.last_login as last_log2_14_, user0_.description as descript3_14_, user0_.display_name as display_4_14_, user0_.email as email5_14_, user0_.firstname as firstnam6_14_, user0_.lastname as lastname7_14_, user0_.password as password8_14_, user0_.role as role9_14_, user0_.username as usernam10_14_ from users_table user0_ where user0_.username=? limit ?
2024-07-01 00:45:24.445 DEBUG 19204 --- [http-nio-0.0.0.0-8080-exec-7] org.hibernate.SQL                        : select posts0_.user_id as user_id1_15_0_, posts0_.posts_post_id as posts_po2_15_0_, post1_.post_id as post_id1_9_1_, post1_.content as content2_9_1_, post1_.creation_date as creation3_9_1_, post1_.deleted as deleted4_9_1_, post1_.user as user5_9_1_ from users_table_posts posts0_ inner join posts_table post1_ on posts0_.posts_post_id=post1_.post_id where posts0_.user_id=?
2024-07-01 00:45:24.551 DEBUG 19204 --- [http-nio-0.0.0.0-8080-exec-1] org.hibernate.SQL                        : select user0_.id as id1_14_, user0_.last_login as last_log2_14_, user0_.description as descript3_14_, user0_.display_name as display_4_14_, user0_.email as email5_14_, user0_.firstname as firstnam6_14_, user0_.lastname as lastname7_14_, user0_.password as password8_14_, user0_.role as role9_14_, user0_.username as usernam10_14_ from users_table user0_ where user0_.username=? limit ?
2024-07-01 00:45:24.551 DEBUG 19204 --- [http-nio-0.0.0.0-8080-exec-2] org.hibernate.SQL                        : select user0_.id as id1_14_, user0_.last_login as last_log2_14_, user0_.description as descript3_14_, user0_.display_name as display_4_14_, user0_.email as email5_14_, user0_.firstname as firstnam6_14_, user0_.lastname as lastname7_14_, user0_.password as password8_14_, user0_.role as role9_14_, user0_.username as usernam10_14_ from users_table user0_ where user0_.username=? limit ?
2024-07-01 00:45:24.553 DEBUG 19204 --- [http-nio-0.0.0.0-8080-exec-3] org.hibernate.SQL                        : select user0_.id as id1_14_, user0_.last_login as last_log2_14_, user0_.description as descript3_14_, user0_.display_name as display_4_14_, user0_.email as email5_14_, user0_.firstname as firstnam6_14_, user0_.lastname as lastname7_14_, user0_.password as password8_14_, user0_.role as role9_14_, user0_.username as usernam10_14_ from users_table user0_ where user0_.username=? limit ?
2024-07-01 00:45:24.554 DEBUG 19204 --- [http-nio-0.0.0.0-8080-exec-1] org.hibernate.SQL                        : select posts0_.user_id as user_id1_15_0_, posts0_.posts_post_id as posts_po2_15_0_, post1_.post_id as post_id1_9_1_, post1_.content as content2_9_1_, post1_.creation_date as creation3_9_1_, post1_.deleted as deleted4_9_1_, post1_.user as user5_9_1_ from users_table_posts posts0_ inner join posts_table post1_ on posts0_.posts_post_id=post1_.post_id where posts0_.user_id=?
2024-07-01 00:45:24.555 DEBUG 19204 --- [http-nio-0.0.0.0-8080-exec-3] org.hibernate.SQL                        : select posts0_.user_id as user_id1_15_0_, posts0_.posts_post_id as posts_po2_15_0_, post1_.post_id as post_id1_9_1_, post1_.content as content2_9_1_, post1_.creation_date as creation3_9_1_, post1_.deleted as deleted4_9_1_, post1_.user as user5_9_1_ from users_table_posts posts0_ inner join posts_table post1_ on posts0_.posts_post_id=post1_.post_id where posts0_.user_id=?
2024-07-01 00:45:24.556 DEBUG 19204 --- [http-nio-0.0.0.0-8080-exec-2] org.hibernate.SQL                        : select posts0_.user_id as user_id1_15_0_, posts0_.posts_post_id as posts_po2_15_0_, post1_.post_id as post_id1_9_1_, post1_.content as content2_9_1_, post1_.creation_date as creation3_9_1_, post1_.deleted as deleted4_9_1_, post1_.user as user5_9_1_ from users_table_posts posts0_ inner join posts_table post1_ on posts0_.posts_post_id=post1_.post_id where posts0_.user_id=?
2024-07-01 00:45:24.574 DEBUG 19204 --- [http-nio-0.0.0.0-8080-exec-1] org.hibernate.SQL                        : select user0_.id as id1_14_, user0_.last_login as last_log2_14_, user0_.description as descript3_14_, user0_.display_name as display_4_14_, user0_.email as email5_14_, user0_.firstname as firstnam6_14_, user0_.lastname as lastname7_14_, user0_.password as password8_14_, user0_.role as role9_14_, user0_.username as usernam10_14_ from users_table user0_ where user0_.username=? limit ?
2024-07-01 00:45:24.576 DEBUG 19204 --- [http-nio-0.0.0.0-8080-exec-1] org.hibernate.SQL                        : select posts0_.user_id as user_id1_15_0_, posts0_.posts_post_id as posts_po2_15_0_, post1_.post_id as post_id1_9_1_, post1_.content as content2_9_1_, post1_.creation_date as creation3_9_1_, post1_.deleted as deleted4_9_1_, post1_.user as user5_9_1_ from users_table_posts posts0_ inner join posts_table post1_ on posts0_.posts_post_id=post1_.post_id where posts0_.user_id=?
2024-07-01 00:45:24.577 DEBUG 19204 --- [http-nio-0.0.0.0-8080-exec-2] org.hibernate.SQL                        : select group0_.group_id as group_id1_6_, group0_.group_admin as group_ad2_6_, group0_.creation_date as creation3_6_, group0_.deleted as deleted4_6_, group0_.group_description as group_de5_6_, group0_.group_name as group_na6_6_ from groups_table group0_ where group0_.deleted=?
2024-07-01 00:45:24.577 DEBUG 19204 --- [http-nio-0.0.0.0-8080-exec-3] org.hibernate.SQL                        : select post0_.post_id as post_id1_9_, post0_.content as content2_9_, post0_.creation_date as creation3_9_, post0_.deleted as deleted4_9_, post0_.user as user5_9_ from posts_table post0_ where post0_.deleted=?
2024-07-01 00:45:24.581 DEBUG 19204 --- [http-nio-0.0.0.0-8080-exec-1] org.hibernate.SQL                        : select post0_.post_id as post_id1_9_, post0_.content as content2_9_, post0_.creation_date as creation3_9_, post0_.deleted as deleted4_9_, post0_.user as user5_9_ from posts_table post0_ where post0_.user=? and post0_.deleted=?
2024-07-01 00:45:24.582 DEBUG 19204 --- [http-nio-0.0.0.0-8080-exec-2] org.hibernate.SQL                        : select posts0_.group_group_id as group_gr1_7_0_, posts0_.posts_post_id as posts_po2_7_0_, post1_.post_id as post_id1_9_1_, post1_.content as content2_9_1_, post1_.creation_date as creation3_9_1_, post1_.deleted as deleted4_9_1_, post1_.user as user5_9_1_ from groups_table_posts posts0_ inner join posts_table post1_ on posts0_.posts_post_id=post1_.post_id where posts0_.group_group_id=?
2024-07-01 00:45:24.582 DEBUG 19204 --- [http-nio-0.0.0.0-8080-exec-3] org.hibernate.SQL                        : select reactions0_.post_post_id as post_pos1_11_0_, reactions0_.reactions_id as reaction2_11_0_, reaction1_.id as id1_12_1_, reaction1_.comment as comment2_12_1_, reaction1_.post as post3_12_1_, reaction1_.timestamp as timestam4_12_1_, reaction1_.type as type5_12_1_, reaction1_.user as user6_12_1_ from posts_table_reactions reactions0_ inner join reactions reaction1_ on reactions0_.reactions_id=reaction1_.id where reactions0_.post_post_id=?
2024-07-01 00:45:24.583 DEBUG 19204 --- [http-nio-0.0.0.0-8080-exec-3] org.hibernate.SQL                        : select comments0_.post_post_id as post_pos1_10_0_, comments0_.comments_id as comments2_10_0_, comment1_.id as id1_1_1_, comment1_.deleted as deleted2_1_1_, comment1_.text as text3_1_1_, comment1_.timestamp as timestam4_1_1_ from posts_table_comments comments0_ inner join comments comment1_ on comments0_.comments_id=comment1_.id where comments0_.post_post_id=?
2024-07-01 00:45:24.589 DEBUG 19204 --- [http-nio-0.0.0.0-8080-exec-3] org.hibernate.SQL                        : select user0_.id as id1_14_, user0_.last_login as last_log2_14_, user0_.description as descript3_14_, user0_.display_name as display_4_14_, user0_.email as email5_14_, user0_.firstname as firstnam6_14_, user0_.lastname as lastname7_14_, user0_.password as password8_14_, user0_.role as role9_14_, user0_.username as usernam10_14_ from users_table user0_ where user0_.id=?
2024-07-01 00:45:24.591 DEBUG 19204 --- [http-nio-0.0.0.0-8080-exec-3] org.hibernate.SQL                        : select posts0_.user_id as user_id1_15_0_, posts0_.posts_post_id as posts_po2_15_0_, post1_.post_id as post_id1_9_1_, post1_.content as content2_9_1_, post1_.creation_date as creation3_9_1_, post1_.deleted as deleted4_9_1_, post1_.user as user5_9_1_ from users_table_posts posts0_ inner join posts_table post1_ on posts0_.posts_post_id=post1_.post_id where posts0_.user_id=?
2024-07-01 00:45:24.591 DEBUG 19204 --- [http-nio-0.0.0.0-8080-exec-2] org.hibernate.SQL                        : select reactions0_.post_post_id as post_pos1_11_0_, reactions0_.reactions_id as reaction2_11_0_, reaction1_.id as id1_12_1_, reaction1_.comment as comment2_12_1_, reaction1_.post as post3_12_1_, reaction1_.timestamp as timestam4_12_1_, reaction1_.type as type5_12_1_, reaction1_.user as user6_12_1_ from posts_table_reactions reactions0_ inner join reactions reaction1_ on reactions0_.reactions_id=reaction1_.id where reactions0_.post_post_id=?
2024-07-01 00:45:24.592 DEBUG 19204 --- [http-nio-0.0.0.0-8080-exec-2] org.hibernate.SQL                        : select comments0_.post_post_id as post_pos1_10_0_, comments0_.comments_id as comments2_10_0_, comment1_.id as id1_1_1_, comment1_.deleted as deleted2_1_1_, comment1_.text as text3_1_1_, comment1_.timestamp as timestam4_1_1_ from posts_table_comments comments0_ inner join comments comment1_ on comments0_.comments_id=comment1_.id where comments0_.post_post_id=?
2024-07-01 00:45:24.592 DEBUG 19204 --- [http-nio-0.0.0.0-8080-exec-3] org.hibernate.SQL                        : select reactions0_.post_post_id as post_pos1_11_0_, reactions0_.reactions_id as reaction2_11_0_, reaction1_.id as id1_12_1_, reaction1_.comment as comment2_12_1_, reaction1_.post as post3_12_1_, reaction1_.timestamp as timestam4_12_1_, reaction1_.type as type5_12_1_, reaction1_.user as user6_12_1_ from posts_table_reactions reactions0_ inner join reactions reaction1_ on reactions0_.reactions_id=reaction1_.id where reactions0_.post_post_id=?
2024-07-01 00:45:24.594 DEBUG 19204 --- [http-nio-0.0.0.0-8080-exec-3] org.hibernate.SQL                        : select comments0_.post_post_id as post_pos1_10_0_, comments0_.comments_id as comments2_10_0_, comment1_.id as id1_1_1_, comment1_.deleted as deleted2_1_1_, comment1_.text as text3_1_1_, comment1_.timestamp as timestam4_1_1_ from posts_table_comments comments0_ inner join comments comment1_ on comments0_.comments_id=comment1_.id where comments0_.post_post_id=?
2024-07-01 00:45:24.596 DEBUG 19204 --- [http-nio-0.0.0.0-8080-exec-3] org.hibernate.SQL                        : select user0_.id as id1_14_, user0_.last_login as last_log2_14_, user0_.description as descript3_14_, user0_.display_name as display_4_14_, user0_.email as email5_14_, user0_.firstname as firstnam6_14_, user0_.lastname as lastname7_14_, user0_.password as password8_14_, user0_.role as role9_14_, user0_.username as usernam10_14_ from users_table user0_ where user0_.id=?
2024-07-01 00:45:24.597 DEBUG 19204 --- [http-nio-0.0.0.0-8080-exec-3] org.hibernate.SQL                        : select posts0_.user_id as user_id1_15_0_, posts0_.posts_post_id as posts_po2_15_0_, post1_.post_id as post_id1_9_1_, post1_.content as content2_9_1_, post1_.creation_date as creation3_9_1_, post1_.deleted as deleted4_9_1_, post1_.user as user5_9_1_ from users_table_posts posts0_ inner join posts_table post1_ on posts0_.posts_post_id=post1_.post_id where posts0_.user_id=?
2024-07-01 00:45:24.599 DEBUG 19204 --- [http-nio-0.0.0.0-8080-exec-3] org.hibernate.SQL                        : select reactions0_.post_post_id as post_pos1_11_0_, reactions0_.reactions_id as reaction2_11_0_, reaction1_.id as id1_12_1_, reaction1_.comment as comment2_12_1_, reaction1_.post as post3_12_1_, reaction1_.timestamp as timestam4_12_1_, reaction1_.type as type5_12_1_, reaction1_.user as user6_12_1_ from posts_table_reactions reactions0_ inner join reactions reaction1_ on reactions0_.reactions_id=reaction1_.id where reactions0_.post_post_id=?
2024-07-01 00:45:24.601 DEBUG 19204 --- [http-nio-0.0.0.0-8080-exec-3] org.hibernate.SQL                        : select comments0_.post_post_id as post_pos1_10_0_, comments0_.comments_id as comments2_10_0_, comment1_.id as id1_1_1_, comment1_.deleted as deleted2_1_1_, comment1_.text as text3_1_1_, comment1_.timestamp as timestam4_1_1_ from posts_table_comments comments0_ inner join comments comment1_ on comments0_.comments_id=comment1_.id where comments0_.post_post_id=?
2024-07-01 00:45:34.174 DEBUG 19204 --- [http-nio-0.0.0.0-8080-exec-8] org.hibernate.SQL                        : select user0_.id as id1_14_, user0_.last_login as last_log2_14_, user0_.description as descript3_14_, user0_.display_name as display_4_14_, user0_.email as email5_14_, user0_.firstname as firstnam6_14_, user0_.lastname as lastname7_14_, user0_.password as password8_14_, user0_.role as role9_14_, user0_.username as usernam10_14_ from users_table user0_ where user0_.username=? limit ?
2024-07-01 00:45:34.176 DEBUG 19204 --- [http-nio-0.0.0.0-8080-exec-8] org.hibernate.SQL                        : select posts0_.user_id as user_id1_15_0_, posts0_.posts_post_id as posts_po2_15_0_, post1_.post_id as post_id1_9_1_, post1_.content as content2_9_1_, post1_.creation_date as creation3_9_1_, post1_.deleted as deleted4_9_1_, post1_.user as user5_9_1_ from users_table_posts posts0_ inner join posts_table post1_ on posts0_.posts_post_id=post1_.post_id where posts0_.user_id=?
2024-07-01 00:45:34.181 DEBUG 19204 --- [http-nio-0.0.0.0-8080-exec-8] org.hibernate.SQL                        : select user0_.id as id1_14_, user0_.last_login as last_log2_14_, user0_.description as descript3_14_, user0_.display_name as display_4_14_, user0_.email as email5_14_, user0_.firstname as firstnam6_14_, user0_.lastname as lastname7_14_, user0_.password as password8_14_, user0_.role as role9_14_, user0_.username as usernam10_14_ from users_table user0_ where user0_.username=? limit ?
2024-07-01 00:45:34.183 DEBUG 19204 --- [http-nio-0.0.0.0-8080-exec-8] org.hibernate.SQL                        : select posts0_.user_id as user_id1_15_0_, posts0_.posts_post_id as posts_po2_15_0_, post1_.post_id as post_id1_9_1_, post1_.content as content2_9_1_, post1_.creation_date as creation3_9_1_, post1_.deleted as deleted4_9_1_, post1_.user as user5_9_1_ from users_table_posts posts0_ inner join posts_table post1_ on posts0_.posts_post_id=post1_.post_id where posts0_.user_id=?
2024-07-01 00:45:34.185 DEBUG 19204 --- [http-nio-0.0.0.0-8080-exec-8] org.hibernate.SQL                        : select group0_.group_id as group_id1_6_, group0_.group_admin as group_ad2_6_, group0_.creation_date as creation3_6_, group0_.deleted as deleted4_6_, group0_.group_description as group_de5_6_, group0_.group_name as group_na6_6_ from groups_table group0_ where group0_.group_name=? and group0_.deleted=?
2024-07-01 00:45:34.190 DEBUG 19204 --- [http-nio-0.0.0.0-8080-exec-8] org.hibernate.SQL                        : insert into groups_table (group_admin, creation_date, deleted, group_description, group_name) values (?, ?, ?, ?, ?)
2024-07-01 00:45:34.208 DEBUG 19204 --- [http-nio-0.0.0.0-8080-exec-1] org.hibernate.SQL                        : select user0_.id as id1_14_, user0_.last_login as last_log2_14_, user0_.description as descript3_14_, user0_.display_name as display_4_14_, user0_.email as email5_14_, user0_.firstname as firstnam6_14_, user0_.lastname as lastname7_14_, user0_.password as password8_14_, user0_.role as role9_14_, user0_.username as usernam10_14_ from users_table user0_ where user0_.username=? limit ?
2024-07-01 00:45:34.208 DEBUG 19204 --- [http-nio-0.0.0.0-8080-exec-10] org.hibernate.SQL                        : select user0_.id as id1_14_, user0_.last_login as last_log2_14_, user0_.description as descript3_14_, user0_.display_name as display_4_14_, user0_.email as email5_14_, user0_.firstname as firstnam6_14_, user0_.lastname as lastname7_14_, user0_.password as password8_14_, user0_.role as role9_14_, user0_.username as usernam10_14_ from users_table user0_ where user0_.username=? limit ?
2024-07-01 00:45:34.208 DEBUG 19204 --- [http-nio-0.0.0.0-8080-exec-9] org.hibernate.SQL                        : select user0_.id as id1_14_, user0_.last_login as last_log2_14_, user0_.description as descript3_14_, user0_.display_name as display_4_14_, user0_.email as email5_14_, user0_.firstname as firstnam6_14_, user0_.lastname as lastname7_14_, user0_.password as password8_14_, user0_.role as role9_14_, user0_.username as usernam10_14_ from users_table user0_ where user0_.username=? limit ?
2024-07-01 00:45:34.210 DEBUG 19204 --- [http-nio-0.0.0.0-8080-exec-9] org.hibernate.SQL                        : select posts0_.user_id as user_id1_15_0_, posts0_.posts_post_id as posts_po2_15_0_, post1_.post_id as post_id1_9_1_, post1_.content as content2_9_1_, post1_.creation_date as creation3_9_1_, post1_.deleted as deleted4_9_1_, post1_.user as user5_9_1_ from users_table_posts posts0_ inner join posts_table post1_ on posts0_.posts_post_id=post1_.post_id where posts0_.user_id=?
2024-07-01 00:45:34.210 DEBUG 19204 --- [http-nio-0.0.0.0-8080-exec-10] org.hibernate.SQL                        : select posts0_.user_id as user_id1_15_0_, posts0_.posts_post_id as posts_po2_15_0_, post1_.post_id as post_id1_9_1_, post1_.content as content2_9_1_, post1_.creation_date as creation3_9_1_, post1_.deleted as deleted4_9_1_, post1_.user as user5_9_1_ from users_table_posts posts0_ inner join posts_table post1_ on posts0_.posts_post_id=post1_.post_id where posts0_.user_id=?
2024-07-01 00:45:34.210 DEBUG 19204 --- [http-nio-0.0.0.0-8080-exec-1] org.hibernate.SQL                        : select posts0_.user_id as user_id1_15_0_, posts0_.posts_post_id as posts_po2_15_0_, post1_.post_id as post_id1_9_1_, post1_.content as content2_9_1_, post1_.creation_date as creation3_9_1_, post1_.deleted as deleted4_9_1_, post1_.user as user5_9_1_ from users_table_posts posts0_ inner join posts_table post1_ on posts0_.posts_post_id=post1_.post_id where posts0_.user_id=?
2024-07-01 00:45:34.213 DEBUG 19204 --- [http-nio-0.0.0.0-8080-exec-10] org.hibernate.SQL                        : select group0_.group_id as group_id1_6_, group0_.group_admin as group_ad2_6_, group0_.creation_date as creation3_6_, group0_.deleted as deleted4_6_, group0_.group_description as group_de5_6_, group0_.group_name as group_na6_6_ from groups_table group0_ where group0_.deleted=?
2024-07-01 00:45:34.213 DEBUG 19204 --- [http-nio-0.0.0.0-8080-exec-1] org.hibernate.SQL                        : select post0_.post_id as post_id1_9_, post0_.content as content2_9_, post0_.creation_date as creation3_9_, post0_.deleted as deleted4_9_, post0_.user as user5_9_ from posts_table post0_ where post0_.deleted=?
2024-07-01 00:45:34.213 DEBUG 19204 --- [http-nio-0.0.0.0-8080-exec-9] org.hibernate.SQL                        : select user0_.id as id1_14_, user0_.last_login as last_log2_14_, user0_.description as descript3_14_, user0_.display_name as display_4_14_, user0_.email as email5_14_, user0_.firstname as firstnam6_14_, user0_.lastname as lastname7_14_, user0_.password as password8_14_, user0_.role as role9_14_, user0_.username as usernam10_14_ from users_table user0_ where user0_.username=? limit ?
2024-07-01 00:45:34.215 DEBUG 19204 --- [http-nio-0.0.0.0-8080-exec-10] org.hibernate.SQL                        : select posts0_.group_group_id as group_gr1_7_0_, posts0_.posts_post_id as posts_po2_7_0_, post1_.post_id as post_id1_9_1_, post1_.content as content2_9_1_, post1_.creation_date as creation3_9_1_, post1_.deleted as deleted4_9_1_, post1_.user as user5_9_1_ from groups_table_posts posts0_ inner join posts_table post1_ on posts0_.posts_post_id=post1_.post_id where posts0_.group_group_id=?
2024-07-01 00:45:34.215 DEBUG 19204 --- [http-nio-0.0.0.0-8080-exec-9] org.hibernate.SQL                        : select posts0_.user_id as user_id1_15_0_, posts0_.posts_post_id as posts_po2_15_0_, post1_.post_id as post_id1_9_1_, post1_.content as content2_9_1_, post1_.creation_date as creation3_9_1_, post1_.deleted as deleted4_9_1_, post1_.user as user5_9_1_ from users_table_posts posts0_ inner join posts_table post1_ on posts0_.posts_post_id=post1_.post_id where posts0_.user_id=?
2024-07-01 00:45:34.215 DEBUG 19204 --- [http-nio-0.0.0.0-8080-exec-1] org.hibernate.SQL                        : select reactions0_.post_post_id as post_pos1_11_0_, reactions0_.reactions_id as reaction2_11_0_, reaction1_.id as id1_12_1_, reaction1_.comment as comment2_12_1_, reaction1_.post as post3_12_1_, reaction1_.timestamp as timestam4_12_1_, reaction1_.type as type5_12_1_, reaction1_.user as user6_12_1_ from posts_table_reactions reactions0_ inner join reactions reaction1_ on reactions0_.reactions_id=reaction1_.id where reactions0_.post_post_id=?
2024-07-01 00:45:34.217 DEBUG 19204 --- [http-nio-0.0.0.0-8080-exec-1] org.hibernate.SQL                        : select comments0_.post_post_id as post_pos1_10_0_, comments0_.comments_id as comments2_10_0_, comment1_.id as id1_1_1_, comment1_.deleted as deleted2_1_1_, comment1_.text as text3_1_1_, comment1_.timestamp as timestam4_1_1_ from posts_table_comments comments0_ inner join comments comment1_ on comments0_.comments_id=comment1_.id where comments0_.post_post_id=?
2024-07-01 00:45:34.217 DEBUG 19204 --- [http-nio-0.0.0.0-8080-exec-10] org.hibernate.SQL                        : select posts0_.group_group_id as group_gr1_7_0_, posts0_.posts_post_id as posts_po2_7_0_, post1_.post_id as post_id1_9_1_, post1_.content as content2_9_1_, post1_.creation_date as creation3_9_1_, post1_.deleted as deleted4_9_1_, post1_.user as user5_9_1_ from groups_table_posts posts0_ inner join posts_table post1_ on posts0_.posts_post_id=post1_.post_id where posts0_.group_group_id=?
2024-07-01 00:45:34.217 DEBUG 19204 --- [http-nio-0.0.0.0-8080-exec-9] org.hibernate.SQL                        : select post0_.post_id as post_id1_9_, post0_.content as content2_9_, post0_.creation_date as creation3_9_, post0_.deleted as deleted4_9_, post0_.user as user5_9_ from posts_table post0_ where post0_.user=? and post0_.deleted=?
2024-07-01 00:45:34.219 DEBUG 19204 --- [http-nio-0.0.0.0-8080-exec-10] org.hibernate.SQL                        : select reactions0_.post_post_id as post_pos1_11_0_, reactions0_.reactions_id as reaction2_11_0_, reaction1_.id as id1_12_1_, reaction1_.comment as comment2_12_1_, reaction1_.post as post3_12_1_, reaction1_.timestamp as timestam4_12_1_, reaction1_.type as type5_12_1_, reaction1_.user as user6_12_1_ from posts_table_reactions reactions0_ inner join reactions reaction1_ on reactions0_.reactions_id=reaction1_.id where reactions0_.post_post_id=?
2024-07-01 00:45:34.219 DEBUG 19204 --- [http-nio-0.0.0.0-8080-exec-1] org.hibernate.SQL                        : select user0_.id as id1_14_, user0_.last_login as last_log2_14_, user0_.description as descript3_14_, user0_.display_name as display_4_14_, user0_.email as email5_14_, user0_.firstname as firstnam6_14_, user0_.lastname as lastname7_14_, user0_.password as password8_14_, user0_.role as role9_14_, user0_.username as usernam10_14_ from users_table user0_ where user0_.id=?
2024-07-01 00:45:34.220 DEBUG 19204 --- [http-nio-0.0.0.0-8080-exec-10] org.hibernate.SQL                        : select comments0_.post_post_id as post_pos1_10_0_, comments0_.comments_id as comments2_10_0_, comment1_.id as id1_1_1_, comment1_.deleted as deleted2_1_1_, comment1_.text as text3_1_1_, comment1_.timestamp as timestam4_1_1_ from posts_table_comments comments0_ inner join comments comment1_ on comments0_.comments_id=comment1_.id where comments0_.post_post_id=?
2024-07-01 00:45:34.220 DEBUG 19204 --- [http-nio-0.0.0.0-8080-exec-1] org.hibernate.SQL                        : select posts0_.user_id as user_id1_15_0_, posts0_.posts_post_id as posts_po2_15_0_, post1_.post_id as post_id1_9_1_, post1_.content as content2_9_1_, post1_.creation_date as creation3_9_1_, post1_.deleted as deleted4_9_1_, post1_.user as user5_9_1_ from users_table_posts posts0_ inner join posts_table post1_ on posts0_.posts_post_id=post1_.post_id where posts0_.user_id=?
2024-07-01 00:45:34.221 DEBUG 19204 --- [http-nio-0.0.0.0-8080-exec-1] org.hibernate.SQL                        : select reactions0_.post_post_id as post_pos1_11_0_, reactions0_.reactions_id as reaction2_11_0_, reaction1_.id as id1_12_1_, reaction1_.comment as comment2_12_1_, reaction1_.post as post3_12_1_, reaction1_.timestamp as timestam4_12_1_, reaction1_.type as type5_12_1_, reaction1_.user as user6_12_1_ from posts_table_reactions reactions0_ inner join reactions reaction1_ on reactions0_.reactions_id=reaction1_.id where reactions0_.post_post_id=?
2024-07-01 00:45:34.223 DEBUG 19204 --- [http-nio-0.0.0.0-8080-exec-1] org.hibernate.SQL                        : select comments0_.post_post_id as post_pos1_10_0_, comments0_.comments_id as comments2_10_0_, comment1_.id as id1_1_1_, comment1_.deleted as deleted2_1_1_, comment1_.text as text3_1_1_, comment1_.timestamp as timestam4_1_1_ from posts_table_comments comments0_ inner join comments comment1_ on comments0_.comments_id=comment1_.id where comments0_.post_post_id=?
2024-07-01 00:45:34.225 DEBUG 19204 --- [http-nio-0.0.0.0-8080-exec-1] org.hibernate.SQL                        : select user0_.id as id1_14_, user0_.last_login as last_log2_14_, user0_.description as descript3_14_, user0_.display_name as display_4_14_, user0_.email as email5_14_, user0_.firstname as firstnam6_14_, user0_.lastname as lastname7_14_, user0_.password as password8_14_, user0_.role as role9_14_, user0_.username as usernam10_14_ from users_table user0_ where user0_.id=?
2024-07-01 00:45:34.226 DEBUG 19204 --- [http-nio-0.0.0.0-8080-exec-1] org.hibernate.SQL                        : select posts0_.user_id as user_id1_15_0_, posts0_.posts_post_id as posts_po2_15_0_, post1_.post_id as post_id1_9_1_, post1_.content as content2_9_1_, post1_.creation_date as creation3_9_1_, post1_.deleted as deleted4_9_1_, post1_.user as user5_9_1_ from users_table_posts posts0_ inner join posts_table post1_ on posts0_.posts_post_id=post1_.post_id where posts0_.user_id=?
2024-07-01 00:45:34.228 DEBUG 19204 --- [http-nio-0.0.0.0-8080-exec-1] org.hibernate.SQL                        : select reactions0_.post_post_id as post_pos1_11_0_, reactions0_.reactions_id as reaction2_11_0_, reaction1_.id as id1_12_1_, reaction1_.comment as comment2_12_1_, reaction1_.post as post3_12_1_, reaction1_.timestamp as timestam4_12_1_, reaction1_.type as type5_12_1_, reaction1_.user as user6_12_1_ from posts_table_reactions reactions0_ inner join reactions reaction1_ on reactions0_.reactions_id=reaction1_.id where reactions0_.post_post_id=?
2024-07-01 00:45:34.229 DEBUG 19204 --- [http-nio-0.0.0.0-8080-exec-1] org.hibernate.SQL                        : select comments0_.post_post_id as post_pos1_10_0_, comments0_.comments_id as comments2_10_0_, comment1_.id as id1_1_1_, comment1_.deleted as deleted2_1_1_, comment1_.text as text3_1_1_, comment1_.timestamp as timestam4_1_1_ from posts_table_comments comments0_ inner join comments comment1_ on comments0_.comments_id=comment1_.id where comments0_.post_post_id=?
2024-07-01 00:45:45.995 DEBUG 19204 --- [http-nio-0.0.0.0-8080-exec-5] org.hibernate.SQL                        : select user0_.id as id1_14_, user0_.last_login as last_log2_14_, user0_.description as descript3_14_, user0_.display_name as display_4_14_, user0_.email as email5_14_, user0_.firstname as firstnam6_14_, user0_.lastname as lastname7_14_, user0_.password as password8_14_, user0_.role as role9_14_, user0_.username as usernam10_14_ from users_table user0_ where user0_.username=? limit ?
2024-07-01 00:45:45.997 DEBUG 19204 --- [http-nio-0.0.0.0-8080-exec-5] org.hibernate.SQL                        : select posts0_.user_id as user_id1_15_0_, posts0_.posts_post_id as posts_po2_15_0_, post1_.post_id as post_id1_9_1_, post1_.content as content2_9_1_, post1_.creation_date as creation3_9_1_, post1_.deleted as deleted4_9_1_, post1_.user as user5_9_1_ from users_table_posts posts0_ inner join posts_table post1_ on posts0_.posts_post_id=post1_.post_id where posts0_.user_id=?
2024-07-01 00:52:47.446  INFO 19204 --- [SpringApplicationShutdownHook] j.LocalContainerEntityManagerFactoryBean : Closing JPA EntityManagerFactory for persistence unit 'default'
2024-07-01 00:52:47.452  INFO 19204 --- [SpringApplicationShutdownHook] com.zaxxer.hikari.HikariDataSource       : HikariPool-1 - Shutdown initiated...
2024-07-01 00:52:47.461  INFO 19204 --- [SpringApplicationShutdownHook] com.zaxxer.hikari.HikariDataSource       : HikariPool-1 - Shutdown completed.
